2024-12-29T05:44:01.587Z [INFO]: [REQUEST] POST /api/users/login
2024-12-29T05:44:01.652Z [INFO]: [RESPONSE] 200
2024-12-29T05:44:01.732Z [INFO]: [REQUEST] GET /api/items/getItems
2024-12-29T05:44:01.746Z [INFO]: [RESPONSE] 200
2024-12-29T05:44:08.558Z [INFO]: [REQUEST] GET /api/audit/getAudits
2024-12-29T05:44:08.570Z [INFO]: [RESPONSE] 200
2024-12-29T05:44:19.301Z [INFO]: [REQUEST] POST /api/users/login
2024-12-29T05:44:19.304Z [INFO]: [RESPONSE] 200
2024-12-29T05:44:19.337Z [INFO]: [REQUEST] GET /api/items/getItems
2024-12-29T05:44:19.354Z [INFO]: [RESPONSE] 200
2024-12-29T05:44:21.816Z [INFO]: [REQUEST] GET /api/audit/getAudits
2024-12-29T05:44:21.820Z [INFO]: [RESPONSE] 403
2024-12-29T05:44:26.098Z [INFO]: [REQUEST] GET /api/items/getItems
2024-12-29T05:44:26.102Z [INFO]: [RESPONSE] 200
2024-12-29T05:44:36.784Z [INFO]: [REQUEST] POST /api/users/login
2024-12-29T05:44:36.786Z [INFO]: [RESPONSE] 200
2024-12-29T05:44:36.822Z [INFO]: [REQUEST] GET /api/items/getItems
2024-12-29T05:44:36.827Z [INFO]: [RESPONSE] 200
2024-12-29T05:48:29.397Z [INFO]: [REQUEST] GET /api-docs
2024-12-29T05:48:29.419Z [INFO]: [REQUEST] GET /api-docs/
2024-12-29T05:48:29.421Z [INFO]: [RESPONSE] 200
2024-12-29T05:48:29.488Z [INFO]: [REQUEST] GET /api-docs/swagger-ui.css
2024-12-29T05:48:29.496Z [INFO]: [REQUEST] GET /api-docs/swagger-ui-standalone-preset.js
2024-12-29T05:48:29.499Z [INFO]: [REQUEST] GET /api-docs/swagger-ui-bundle.js
2024-12-29T05:48:29.512Z [INFO]: [REQUEST] GET /api-docs/swagger-ui-init.js
2024-12-29T05:48:29.513Z [INFO]: [RESPONSE] 200
2024-12-29T05:48:29.925Z [INFO]: [REQUEST] GET /api-docs/favicon-32x32.png
2024-12-29T05:50:18.766Z [INFO]: [REQUEST] GET /api-docs/
2024-12-29T05:50:18.770Z [INFO]: [RESPONSE] 200
2024-12-29T05:50:18.819Z [INFO]: [REQUEST] GET /api-docs/swagger-ui.css
2024-12-29T05:50:18.822Z [INFO]: [REQUEST] GET /api-docs/swagger-ui-bundle.js
2024-12-29T05:50:18.827Z [INFO]: [REQUEST] GET /api-docs/swagger-ui-standalone-preset.js
2024-12-29T05:50:18.828Z [INFO]: [REQUEST] GET /api-docs/swagger-ui-init.js
2024-12-29T05:50:18.829Z [INFO]: [RESPONSE] 200
2024-12-29T05:50:18.996Z [INFO]: [REQUEST] GET /api-docs/favicon-32x32.png
2024-12-29T05:51:04.177Z [INFO]: [REQUEST] GET /api-docs/
2024-12-29T05:51:04.182Z [INFO]: [RESPONSE] 200
2024-12-29T05:51:04.233Z [INFO]: [REQUEST] GET /api-docs/swagger-ui.css
2024-12-29T05:51:04.236Z [INFO]: [REQUEST] GET /api-docs/swagger-ui-bundle.js
2024-12-29T05:51:04.239Z [INFO]: [REQUEST] GET /api-docs/swagger-ui-standalone-preset.js
2024-12-29T05:51:04.241Z [INFO]: [REQUEST] GET /api-docs/swagger-ui-init.js
2024-12-29T05:51:04.241Z [INFO]: [RESPONSE] 200
2024-12-29T05:51:04.401Z [INFO]: [REQUEST] GET /api-docs/favicon-32x32.png
2024-12-29T05:51:33.032Z [INFO]: [REQUEST] POST /api/api/users/crearUsuario
2024-12-29T05:52:08.046Z [INFO]: [REQUEST] POST /api/api/users/login
2024-12-29T05:52:44.316Z [INFO]: [REQUEST] GET /api-docs/
2024-12-29T05:52:44.323Z [INFO]: [RESPONSE] 200
2024-12-29T05:52:44.381Z [INFO]: [REQUEST] GET /api-docs/swagger-ui.css
2024-12-29T05:52:44.393Z [INFO]: [REQUEST] GET /api-docs/swagger-ui-bundle.js
2024-12-29T05:52:44.395Z [INFO]: [REQUEST] GET /api-docs/swagger-ui-init.js
2024-12-29T05:52:44.395Z [INFO]: [RESPONSE] 200
2024-12-29T05:52:44.400Z [INFO]: [REQUEST] GET /api-docs/swagger-ui-standalone-preset.js
2024-12-29T05:52:44.681Z [INFO]: [REQUEST] GET /api-docs/favicon-32x32.png
2024-12-29T05:52:56.328Z [INFO]: [REQUEST] POST /api/users/login
2024-12-29T05:52:56.376Z [INFO]: [RESPONSE] 200
2024-12-29T05:53:26.751Z [INFO]: [REQUEST] POST /api/users/crearUsuario
2024-12-29T05:53:26.765Z [INFO]: [RESPONSE] 403
2024-12-29T05:54:12.478Z [INFO]: [REQUEST] GET /api-docs/
2024-12-29T05:54:12.483Z [INFO]: [RESPONSE] 200
2024-12-29T05:54:12.536Z [INFO]: [REQUEST] GET /api-docs/swagger-ui.css
2024-12-29T05:54:12.541Z [INFO]: [REQUEST] GET /api-docs/swagger-ui-bundle.js
2024-12-29T05:54:12.545Z [INFO]: [REQUEST] GET /api-docs/swagger-ui-standalone-preset.js
2024-12-29T05:54:12.547Z [INFO]: [REQUEST] GET /api-docs/swagger-ui-init.js
2024-12-29T05:54:12.548Z [INFO]: [RESPONSE] 200
2024-12-29T05:54:12.881Z [INFO]: [REQUEST] GET /
2024-12-29T05:54:12.890Z [INFO]: [REQUEST] GET /api-docs/favicon-32x32.png
2024-12-29T05:54:34.982Z [INFO]: [REQUEST] GET /api-docs/
2024-12-29T05:54:34.986Z [INFO]: [RESPONSE] 200
2024-12-29T05:54:35.044Z [INFO]: [REQUEST] GET /api-docs/swagger-ui.css
2024-12-29T05:54:35.047Z [INFO]: [REQUEST] GET /api-docs/swagger-ui-bundle.js
2024-12-29T05:54:35.049Z [INFO]: [REQUEST] GET /api-docs/swagger-ui-standalone-preset.js
2024-12-29T05:54:35.049Z [INFO]: [REQUEST] GET /api-docs/swagger-ui-init.js
2024-12-29T05:54:35.050Z [INFO]: [RESPONSE] 200
2024-12-29T05:54:35.175Z [INFO]: [REQUEST] GET /
2024-12-29T05:54:56.238Z [INFO]: [REQUEST] GET /api-docs/
2024-12-29T05:54:56.240Z [INFO]: [RESPONSE] 200
2024-12-29T05:54:56.295Z [INFO]: [REQUEST] GET /api-docs/swagger-ui.css
2024-12-29T05:54:56.300Z [INFO]: [REQUEST] GET /api-docs/swagger-ui-bundle.js
2024-12-29T05:54:56.304Z [INFO]: [REQUEST] GET /api-docs/swagger-ui-standalone-preset.js
2024-12-29T05:54:56.305Z [INFO]: [REQUEST] GET /api-docs/swagger-ui-init.js
2024-12-29T05:54:56.305Z [INFO]: [RESPONSE] 200
2024-12-29T05:54:56.399Z [INFO]: [REQUEST] GET /
2024-12-29T05:55:17.221Z [INFO]: [REQUEST] GET /api-docs/
2024-12-29T05:55:17.225Z [INFO]: [RESPONSE] 200
2024-12-29T05:55:17.282Z [INFO]: [REQUEST] GET /api-docs/swagger-ui.css
2024-12-29T05:55:17.286Z [INFO]: [REQUEST] GET /api-docs/swagger-ui-bundle.js
2024-12-29T05:55:17.289Z [INFO]: [REQUEST] GET /api-docs/swagger-ui-standalone-preset.js
2024-12-29T05:55:17.290Z [INFO]: [REQUEST] GET /api-docs/swagger-ui-init.js
2024-12-29T05:55:17.290Z [INFO]: [RESPONSE] 200
2024-12-29T05:55:17.384Z [INFO]: [REQUEST] GET /
2024-12-29T05:55:22.715Z [INFO]: [REQUEST] GET /api-docs/swagger-ui.css
2024-12-29T05:55:23.466Z [INFO]: [REQUEST] GET /api-docs/swagger-ui.css.map
2024-12-29T05:55:25.530Z [INFO]: [REQUEST] GET /api-docs/
2024-12-29T05:55:25.531Z [INFO]: [RESPONSE] 200
2024-12-29T05:55:25.590Z [INFO]: [REQUEST] GET /api-docs/swagger-ui.css
2024-12-29T05:55:25.607Z [INFO]: [REQUEST] GET /api-docs/swagger-ui-bundle.js
2024-12-29T05:55:25.610Z [INFO]: [REQUEST] GET /api-docs/swagger-ui-init.js
2024-12-29T05:55:25.610Z [INFO]: [RESPONSE] 200
2024-12-29T05:55:25.612Z [INFO]: [REQUEST] GET /api-docs/swagger-ui-standalone-preset.js
2024-12-29T05:55:25.671Z [INFO]: [REQUEST] GET /api-docs/swagger-ui.css.map
2024-12-29T05:55:26.315Z [INFO]: [REQUEST] GET /
2024-12-29T05:55:26.377Z [INFO]: [REQUEST] GET /api-docs/favicon-32x32.png
2024-12-29T05:55:42.462Z [INFO]: [REQUEST] GET /api-docs/api
2024-12-29T05:55:42.464Z [INFO]: [RESPONSE] 200
2024-12-29T05:55:42.542Z [INFO]: [REQUEST] GET /api-docs/swagger-ui.css
2024-12-29T05:55:42.550Z [INFO]: [REQUEST] GET /api-docs/swagger-ui-bundle.js
2024-12-29T05:55:42.551Z [INFO]: [REQUEST] GET /api-docs/swagger-ui-standalone-preset.js
2024-12-29T05:55:42.552Z [INFO]: [REQUEST] GET /api-docs/swagger-ui-init.js
2024-12-29T05:55:42.552Z [INFO]: [RESPONSE] 200
2024-12-29T05:55:42.637Z [INFO]: [REQUEST] GET /api-docs/swagger-ui.css.map
2024-12-29T05:55:43.097Z [INFO]: [REQUEST] GET /
2024-12-29T05:55:56.045Z [INFO]: [REQUEST] GET /api-docs/
2024-12-29T05:55:56.047Z [INFO]: [RESPONSE] 200
2024-12-29T05:55:56.105Z [INFO]: [REQUEST] GET /api-docs/swagger-ui.css
2024-12-29T05:55:56.110Z [INFO]: [REQUEST] GET /api-docs/swagger-ui-bundle.js
2024-12-29T05:55:56.116Z [INFO]: [REQUEST] GET /api-docs/swagger-ui-standalone-preset.js
2024-12-29T05:55:56.117Z [INFO]: [REQUEST] GET /api-docs/swagger-ui-init.js
2024-12-29T05:55:56.117Z [INFO]: [RESPONSE] 200
2024-12-29T05:55:56.456Z [INFO]: [REQUEST] GET /
2024-12-29T05:56:46.919Z [INFO]: [REQUEST] GET /api-docs/
2024-12-29T05:56:46.924Z [INFO]: [RESPONSE] 200
2024-12-29T05:56:46.974Z [INFO]: [REQUEST] GET /api-docs/swagger-ui.css
2024-12-29T05:56:46.978Z [INFO]: [REQUEST] GET /api-docs/swagger-ui-bundle.js
2024-12-29T05:56:46.982Z [INFO]: [REQUEST] GET /api-docs/swagger-ui-standalone-preset.js
2024-12-29T05:56:46.983Z [INFO]: [REQUEST] GET /api-docs/swagger-ui-init.js
2024-12-29T05:56:46.985Z [INFO]: [RESPONSE] 200
2024-12-29T05:56:47.173Z [INFO]: [REQUEST] GET /api-docs/favicon-32x32.png
2024-12-29T05:57:05.659Z [INFO]: [REQUEST] POST /api/api/users/crearUsuario
2024-12-29T05:57:27.123Z [INFO]: [REQUEST] GET /api-docs/
2024-12-29T05:57:27.128Z [INFO]: [RESPONSE] 200
2024-12-29T05:57:27.189Z [INFO]: [REQUEST] GET /api-docs/swagger-ui.css
2024-12-29T05:57:27.197Z [INFO]: [REQUEST] GET /api-docs/swagger-ui-bundle.js
2024-12-29T05:57:27.198Z [INFO]: [REQUEST] GET /api-docs/swagger-ui-standalone-preset.js
2024-12-29T05:57:27.199Z [INFO]: [REQUEST] GET /api-docs/swagger-ui-init.js
2024-12-29T05:57:27.200Z [INFO]: [RESPONSE] 200
2024-12-29T05:57:27.380Z [INFO]: [REQUEST] GET /api-docs/favicon-32x32.png
2024-12-29T05:58:01.456Z [INFO]: [REQUEST] GET /api-docs/
2024-12-29T05:58:01.458Z [INFO]: [RESPONSE] 200
2024-12-29T05:58:01.512Z [INFO]: [REQUEST] GET /api-docs/swagger-ui.css
2024-12-29T05:58:01.514Z [INFO]: [REQUEST] GET /api-docs/swagger-ui-bundle.js
2024-12-29T05:58:01.515Z [INFO]: [REQUEST] GET /api-docs/swagger-ui-standalone-preset.js
2024-12-29T05:58:01.516Z [INFO]: [REQUEST] GET /api-docs/swagger-ui-init.js
2024-12-29T05:58:01.516Z [INFO]: [RESPONSE] 200
2024-12-29T06:00:00.100Z [INFO]: [REQUEST] GET /api-docs/
2024-12-29T06:00:00.104Z [INFO]: [RESPONSE] 200
2024-12-29T06:00:00.175Z [INFO]: [REQUEST] GET /api-docs/swagger-ui.css
2024-12-29T06:00:00.178Z [INFO]: [REQUEST] GET /api-docs/swagger-ui-bundle.js
2024-12-29T06:00:00.183Z [INFO]: [REQUEST] GET /api-docs/swagger-ui-standalone-preset.js
2024-12-29T06:00:00.184Z [INFO]: [REQUEST] GET /api-docs/swagger-ui-init.js
2024-12-29T06:00:00.185Z [INFO]: [RESPONSE] 200
2024-12-29T06:00:00.421Z [INFO]: [REQUEST] GET /api-docs/favicon-32x32.png
2024-12-29T06:00:26.966Z [INFO]: [REQUEST] GET /api-docs/
2024-12-29T06:00:26.973Z [INFO]: [RESPONSE] 200
2024-12-29T06:00:27.027Z [INFO]: [REQUEST] GET /api-docs/swagger-ui.css
2024-12-29T06:00:27.029Z [INFO]: [REQUEST] GET /api-docs/swagger-ui-bundle.js
2024-12-29T06:00:27.032Z [INFO]: [REQUEST] GET /api-docs/swagger-ui-standalone-preset.js
2024-12-29T06:00:27.033Z [INFO]: [REQUEST] GET /api-docs/swagger-ui-init.js
2024-12-29T06:00:27.033Z [INFO]: [RESPONSE] 200
2024-12-29T06:00:27.169Z [INFO]: [REQUEST] GET /api-docs/favicon-32x32.png
2024-12-29T06:06:17.023Z [INFO]: [REQUEST] GET /api-docs/
2024-12-29T06:06:17.027Z [INFO]: [RESPONSE] 200
2024-12-29T06:06:17.082Z [INFO]: [REQUEST] GET /api-docs/swagger-ui.css
2024-12-29T06:06:17.087Z [INFO]: [REQUEST] GET /api-docs/swagger-ui-bundle.js
2024-12-29T06:06:17.091Z [INFO]: [REQUEST] GET /api-docs/swagger-ui-standalone-preset.js
2024-12-29T06:06:17.092Z [INFO]: [REQUEST] GET /api-docs/swagger-ui-init.js
2024-12-29T06:06:17.092Z [INFO]: [RESPONSE] 200
2024-12-29T06:06:17.431Z [INFO]: [REQUEST] GET /api-docs/favicon-32x32.png
2024-12-30T04:43:27.381Z [INFO]: [REQUEST] POST /api/users/login
2024-12-30T04:43:27.451Z [INFO]: [RESPONSE] 200
2024-12-30T04:43:27.525Z [INFO]: [REQUEST] GET /api/items/getItems
2024-12-30T04:43:27.537Z [INFO]: [RESPONSE] 200
2024-12-30T04:43:30.812Z [INFO]: [REQUEST] GET /api/audit/getAudits
2024-12-30T04:43:30.824Z [INFO]: [RESPONSE] 200
2024-12-30T04:46:23.967Z [INFO]: [REQUEST] GET /api-docs/
2024-12-30T04:46:23.975Z [INFO]: [RESPONSE] 200
2024-12-30T04:46:24.051Z [INFO]: [REQUEST] GET /api-docs/swagger-ui.css
2024-12-30T04:46:24.052Z [INFO]: [REQUEST] GET /api-docs/swagger-ui-standalone-preset.js
2024-12-30T04:46:24.054Z [INFO]: [REQUEST] GET /api-docs/swagger-ui-init.js
2024-12-30T04:46:24.055Z [INFO]: [RESPONSE] 200
2024-12-30T04:46:24.063Z [INFO]: [REQUEST] GET /api-docs/swagger-ui-bundle.js
2024-12-30T04:47:11.382Z [INFO]: [REQUEST] GET /api-docs/
2024-12-30T04:47:11.386Z [INFO]: [RESPONSE] 200
2024-12-30T04:47:11.442Z [INFO]: [REQUEST] GET /api-docs/swagger-ui.css
2024-12-30T04:47:11.444Z [INFO]: [REQUEST] GET /api-docs/swagger-ui-bundle.js
2024-12-30T04:47:11.450Z [INFO]: [REQUEST] GET /api-docs/swagger-ui-standalone-preset.js
2024-12-30T04:47:11.454Z [INFO]: [REQUEST] GET /api-docs/swagger-ui-init.js
2024-12-30T04:47:11.455Z [INFO]: [RESPONSE] 200
2024-12-30T04:47:11.692Z [INFO]: [REQUEST] GET /api-docs/favicon-32x32.png
2024-12-30T04:47:14.556Z [INFO]: [REQUEST] GET /api-docs/
2024-12-30T04:47:14.565Z [INFO]: [RESPONSE] 200
2024-12-30T04:47:14.616Z [INFO]: [REQUEST] GET /api-docs/swagger-ui.css
2024-12-30T04:47:14.624Z [INFO]: [REQUEST] GET /api-docs/swagger-ui-bundle.js
2024-12-30T04:47:14.626Z [INFO]: [REQUEST] GET /api-docs/swagger-ui-standalone-preset.js
2024-12-30T04:47:14.627Z [INFO]: [REQUEST] GET /api-docs/swagger-ui-init.js
2024-12-30T04:47:14.627Z [INFO]: [RESPONSE] 200
2024-12-30T04:47:14.761Z [INFO]: [REQUEST] GET /api-docs/favicon-32x32.png
2024-12-30T04:47:36.591Z [INFO]: [REQUEST] POST /api/users/login
2024-12-30T04:47:36.638Z [INFO]: [RESPONSE] 200
2024-12-30T04:48:01.367Z [INFO]: [REQUEST] POST /api/users/login
2024-12-30T04:48:01.384Z [INFO]: [RESPONSE] 200
2024-12-30T04:48:29.997Z [INFO]: [REQUEST] POST /api/users/login
2024-12-30T04:48:30.000Z [INFO]: [RESPONSE] 401
2024-12-30T04:48:58.510Z [INFO]: [REQUEST] POST /api/users/login
2024-12-30T04:48:58.514Z [INFO]: [RESPONSE] 200
2024-12-30T04:49:15.903Z [INFO]: [REQUEST] POST /api/users/login
2024-12-30T04:49:15.906Z [INFO]: [RESPONSE] 200
2024-12-30T04:49:15.971Z [INFO]: [REQUEST] GET /api/items/getItems
2024-12-30T04:49:15.978Z [INFO]: [RESPONSE] 200
2024-12-30T04:51:57.414Z [INFO]: [REQUEST] POST /api/users/login
2024-12-30T04:51:57.524Z [INFO]: [RESPONSE] 401
2024-12-30T04:52:31.074Z [INFO]: [REQUEST] POST /api/users/login
2024-12-30T04:52:31.181Z [INFO]: [RESPONSE] 401
2024-12-30T04:52:36.837Z [INFO]: [REQUEST] GET /api-docs/
2024-12-30T04:52:36.840Z [INFO]: [RESPONSE] 200
2024-12-30T04:52:36.894Z [INFO]: [REQUEST] GET /api-docs/swagger-ui.css
2024-12-30T04:52:36.899Z [INFO]: [REQUEST] GET /api-docs/swagger-ui-bundle.js
2024-12-30T04:52:36.903Z [INFO]: [REQUEST] GET /api-docs/swagger-ui-standalone-preset.js
2024-12-30T04:52:36.906Z [INFO]: [REQUEST] GET /api-docs/swagger-ui-init.js
2024-12-30T04:52:36.907Z [INFO]: [RESPONSE] 200
2024-12-30T04:52:37.219Z [INFO]: [REQUEST] GET /api-docs/favicon-32x32.png
2024-12-30T04:52:45.584Z [INFO]: [REQUEST] POST /api/users/login
2024-12-30T04:52:45.655Z [INFO]: [RESPONSE] 401
2024-12-30T05:03:12.481Z [INFO]: [REQUEST] POST /api/users/login
2024-12-30T05:03:12.589Z [INFO]: [RESPONSE] 200
2024-12-30T05:03:12.639Z [INFO]: [REQUEST] GET /api/items/getItems
2024-12-30T05:03:12.650Z [INFO]: [RESPONSE] 200
2024-12-30T05:07:54.283Z [INFO]: [REQUEST] GET /api-docs/
2024-12-30T05:07:54.287Z [INFO]: [RESPONSE] 200
2024-12-30T05:07:54.349Z [INFO]: [REQUEST] GET /api-docs/swagger-ui.css
2024-12-30T05:07:54.354Z [INFO]: [REQUEST] GET /api-docs/swagger-ui-bundle.js
2024-12-30T05:07:54.357Z [INFO]: [REQUEST] GET /api-docs/swagger-ui-standalone-preset.js
2024-12-30T05:07:54.359Z [INFO]: [REQUEST] GET /api-docs/swagger-ui-init.js
2024-12-30T05:07:54.359Z [INFO]: [RESPONSE] 200
2024-12-30T05:07:54.737Z [INFO]: [REQUEST] GET /api-docs/favicon-32x32.png
2024-12-30T05:09:06.429Z [INFO]: [REQUEST] GET /api-docs/
2024-12-30T05:09:06.430Z [INFO]: [RESPONSE] 200
2024-12-30T05:09:06.483Z [INFO]: [REQUEST] GET /api-docs/swagger-ui.css
2024-12-30T05:09:06.490Z [INFO]: [REQUEST] GET /api-docs/swagger-ui-bundle.js
2024-12-30T05:09:06.496Z [INFO]: [REQUEST] GET /api-docs/swagger-ui-standalone-preset.js
2024-12-30T05:09:06.502Z [INFO]: [REQUEST] GET /api-docs/swagger-ui-init.js
2024-12-30T05:09:06.504Z [INFO]: [RESPONSE] 200
2024-12-30T05:09:06.720Z [INFO]: [REQUEST] GET /api-docs/favicon-32x32.png
2024-12-30T05:09:10.726Z [INFO]: [REQUEST] GET /api-docs/
2024-12-30T05:09:10.727Z [INFO]: [RESPONSE] 200
2024-12-30T05:09:10.782Z [INFO]: [REQUEST] GET /api-docs/swagger-ui.css
2024-12-30T05:09:10.784Z [INFO]: [REQUEST] GET /api-docs/swagger-ui-bundle.js
2024-12-30T05:09:10.786Z [INFO]: [REQUEST] GET /api-docs/swagger-ui-standalone-preset.js
2024-12-30T05:09:10.788Z [INFO]: [REQUEST] GET /api-docs/swagger-ui-init.js
2024-12-30T05:09:10.789Z [INFO]: [RESPONSE] 200
2024-12-30T05:09:17.147Z [INFO]: [REQUEST] GET /api-docs/
2024-12-30T05:09:17.152Z [INFO]: [RESPONSE] 200
2024-12-30T05:09:17.202Z [INFO]: [REQUEST] GET /api-docs/swagger-ui.css
2024-12-30T05:09:17.207Z [INFO]: [REQUEST] GET /api-docs/swagger-ui-bundle.js
2024-12-30T05:09:17.212Z [INFO]: [REQUEST] GET /api-docs/swagger-ui-standalone-preset.js
2024-12-30T05:09:17.214Z [INFO]: [REQUEST] GET /api-docs/swagger-ui-init.js
2024-12-30T05:09:17.215Z [INFO]: [RESPONSE] 200
2024-12-30T05:09:17.334Z [INFO]: [REQUEST] GET /api-docs/favicon-32x32.png
2024-12-30T05:09:18.968Z [INFO]: [REQUEST] GET /api-docs/
2024-12-30T05:09:18.969Z [INFO]: [RESPONSE] 200
2024-12-30T05:09:19.020Z [INFO]: [REQUEST] GET /api-docs/swagger-ui.css
2024-12-30T05:09:19.021Z [INFO]: [REQUEST] GET /api-docs/swagger-ui-bundle.js
2024-12-30T05:09:19.022Z [INFO]: [REQUEST] GET /api-docs/swagger-ui-standalone-preset.js
2024-12-30T05:09:19.024Z [INFO]: [REQUEST] GET /api-docs/swagger-ui-init.js
2024-12-30T05:09:19.025Z [INFO]: [RESPONSE] 200
2024-12-30T05:09:19.146Z [INFO]: [REQUEST] GET /api-docs/favicon-32x32.png
2024-12-30T05:10:37.480Z [INFO]: [REQUEST] GET /api-docs/
2024-12-30T05:10:37.485Z [INFO]: [RESPONSE] 200
2024-12-30T05:10:37.549Z [INFO]: [REQUEST] GET /api-docs/swagger-ui.css
2024-12-30T05:10:37.553Z [INFO]: [REQUEST] GET /api-docs/swagger-ui-bundle.js
2024-12-30T05:10:37.557Z [INFO]: [REQUEST] GET /api-docs/swagger-ui-standalone-preset.js
2024-12-30T05:10:37.558Z [INFO]: [REQUEST] GET /api-docs/swagger-ui-init.js
2024-12-30T05:10:37.558Z [INFO]: [RESPONSE] 200
2024-12-30T05:10:37.738Z [INFO]: [REQUEST] GET /api-docs/favicon-32x32.png
2024-12-30T05:11:54.867Z [INFO]: [REQUEST] GET /api/audit/getAudits
2024-12-30T05:11:54.871Z [INFO]: [RESPONSE] 403
2024-12-30T05:14:01.180Z [INFO]: [REQUEST] GET /api-docs/
2024-12-30T05:14:01.185Z [INFO]: [RESPONSE] 200
2024-12-30T05:14:01.252Z [INFO]: [REQUEST] GET /api-docs/swagger-ui.css
2024-12-30T05:14:01.266Z [INFO]: [REQUEST] GET /api-docs/swagger-ui-bundle.js
2024-12-30T05:14:01.271Z [INFO]: [REQUEST] GET /api-docs/swagger-ui-standalone-preset.js
2024-12-30T05:14:01.272Z [INFO]: [REQUEST] GET /api-docs/swagger-ui-init.js
2024-12-30T05:14:01.273Z [INFO]: [RESPONSE] 200
2024-12-30T05:14:01.570Z [INFO]: [REQUEST] GET /api-docs/favicon-32x32.png
2024-12-30T05:14:18.851Z [INFO]: [REQUEST] GET /api/audit/getAudits
2024-12-30T05:14:18.902Z [INFO]: [RESPONSE] 200
2024-12-30T05:19:40.399Z [INFO]: [REQUEST] GET /api/audit/getAudits
2024-12-30T05:19:40.406Z [INFO]: [RESPONSE] 200
2024-12-30T05:21:08.498Z [INFO]: [REQUEST] GET /api/items/getItems
2024-12-30T05:21:08.567Z [INFO]: [RESPONSE] 200
2024-12-30T05:21:49.945Z [INFO]: [REQUEST] GET /api/audit/getAudits
2024-12-30T05:21:50.007Z [INFO]: [RESPONSE] 200
2024-12-30T05:22:14.119Z [INFO]: [REQUEST] GET /api/audit/getAudits
2024-12-30T05:22:14.122Z [INFO]: [RESPONSE] 403
2024-12-30T05:22:14.470Z [INFO]: [REQUEST] GET /api/audit/getAudits
2024-12-30T05:22:14.541Z [INFO]: [RESPONSE] 200
2024-12-30T05:24:23.676Z [INFO]: [REQUEST] GET /api/audit/getAudits
2024-12-30T05:24:23.677Z [INFO]: [RESPONSE] 403
2024-12-30T05:24:23.929Z [INFO]: [REQUEST] GET /api/audit/getAudits
2024-12-30T05:24:24.045Z [INFO]: [RESPONSE] 200
2024-12-30T05:26:59.000Z [INFO]: [REQUEST] GET /api/audit/getAudits
2024-12-30T05:26:59.000Z [INFO]: [RESPONSE] 403
2024-12-30T05:26:59.191Z [INFO]: [REQUEST] GET /api/audit/getAudits
2024-12-30T05:26:59.196Z [INFO]: [RESPONSE] 200
2024-12-30T05:27:08.491Z [INFO]: [REQUEST] GET /api/audit/getAudits
2024-12-30T05:27:08.492Z [INFO]: [RESPONSE] 403
2024-12-30T05:27:08.886Z [INFO]: [REQUEST] GET /api/audit/getAudits
2024-12-30T05:27:08.890Z [INFO]: [RESPONSE] 200
2024-12-30T05:27:15.660Z [INFO]: [REQUEST] GET /api/audit/getAudits
2024-12-30T05:27:15.661Z [INFO]: [RESPONSE] 403
2024-12-30T05:27:15.837Z [INFO]: [REQUEST] GET /api/audit/getAudits
2024-12-30T05:27:15.841Z [INFO]: [RESPONSE] 200
2024-12-30T05:27:20.097Z [INFO]: [REQUEST] GET /api/items/getItems
2024-12-30T05:27:20.111Z [INFO]: [RESPONSE] 200
2024-12-30T05:27:47.862Z [INFO]: [REQUEST] GET /api/items/getItems
2024-12-30T05:27:47.863Z [INFO]: [RESPONSE] 403
2024-12-30T05:27:48.825Z [INFO]: [REQUEST] GET /api/items/getItems
2024-12-30T05:27:48.829Z [INFO]: [RESPONSE] 200
2024-12-30T05:28:00.976Z [INFO]: [REQUEST] GET /api/items/getItems
2024-12-30T05:28:00.977Z [INFO]: [RESPONSE] 403
2024-12-30T05:28:01.161Z [INFO]: [REQUEST] GET /api/items/getItems
2024-12-30T05:28:01.172Z [INFO]: [RESPONSE] 200
2024-12-30T05:28:03.222Z [INFO]: [REQUEST] GET /api/audit/getAudits
2024-12-30T05:28:03.226Z [INFO]: [RESPONSE] 200
2024-12-30T16:25:43.431Z [INFO]: [REQUEST] POST /api/users/login
2024-12-30T16:25:43.553Z [INFO]: [RESPONSE] 200
2024-12-30T16:25:43.612Z [INFO]: [REQUEST] GET /api/items/getItems
2024-12-30T16:25:43.621Z [INFO]: [RESPONSE] 200
2024-12-30T16:25:48.242Z [INFO]: [REQUEST] GET /api/audit/getAudits
2024-12-30T16:25:48.248Z [INFO]: [RESPONSE] 200
2024-12-30T20:04:49.135Z [INFO]: [REQUEST] GET /
2024-12-30T20:04:58.938Z [INFO]: [REQUEST] GET /api-docs
2024-12-30T20:04:58.951Z [INFO]: [REQUEST] GET /api-docs/
2024-12-30T20:04:58.954Z [INFO]: [RESPONSE] 200
2024-12-30T20:04:59.004Z [INFO]: [REQUEST] GET /api-docs/swagger-ui.css
2024-12-30T20:04:59.006Z [INFO]: [REQUEST] GET /api-docs/swagger-ui-bundle.js
2024-12-30T20:04:59.010Z [INFO]: [REQUEST] GET /api-docs/swagger-ui-standalone-preset.js
2024-12-30T20:04:59.010Z [INFO]: [REQUEST] GET /api-docs/swagger-ui-init.js
2024-12-30T20:04:59.011Z [INFO]: [RESPONSE] 200
2024-12-30T20:04:59.343Z [INFO]: [REQUEST] GET /api-docs/favicon-32x32.png
2024-12-30T20:05:09.185Z [INFO]: [REQUEST] POST /api/users/login
2024-12-30T20:05:09.249Z [INFO]: [RESPONSE] 500
2024-12-30T20:15:17.123Z [INFO]: [REQUEST] POST /api/users/login
2024-12-30T20:15:17.161Z [INFO]: [RESPONSE] 401
2024-12-30T20:16:50.952Z [INFO]: [REQUEST] GET /api-docs/
2024-12-30T20:16:50.955Z [INFO]: [RESPONSE] 200
2024-12-30T20:16:51.006Z [INFO]: [REQUEST] GET /api-docs/swagger-ui.css
2024-12-30T20:16:51.012Z [INFO]: [REQUEST] GET /api-docs/swagger-ui-bundle.js
2024-12-30T20:16:51.016Z [INFO]: [REQUEST] GET /api-docs/swagger-ui-standalone-preset.js
2024-12-30T20:16:51.018Z [INFO]: [REQUEST] GET /api-docs/swagger-ui-init.js
2024-12-30T20:16:51.020Z [INFO]: [RESPONSE] 200
2024-12-30T20:16:51.221Z [INFO]: [REQUEST] GET /api-docs/favicon-32x32.png
2024-12-30T20:17:40.699Z [INFO]: [REQUEST] POST /api/users/crearUsuario
2024-12-30T20:17:40.701Z [INFO]: [RESPONSE] 403
2024-12-30T20:19:09.533Z [INFO]: [REQUEST] GET /api-docs/
2024-12-30T20:19:09.537Z [INFO]: [RESPONSE] 200
2024-12-30T20:19:09.594Z [INFO]: [REQUEST] GET /api-docs/swagger-ui.css
2024-12-30T20:19:09.596Z [INFO]: [REQUEST] GET /api-docs/swagger-ui-bundle.js
2024-12-30T20:19:09.597Z [INFO]: [REQUEST] GET /api-docs/swagger-ui-standalone-preset.js
2024-12-30T20:19:09.598Z [INFO]: [REQUEST] GET /api-docs/swagger-ui-init.js
2024-12-30T20:19:09.598Z [INFO]: [RESPONSE] 200
2024-12-30T20:19:09.909Z [INFO]: [REQUEST] GET /api-docs/favicon-32x32.png
2024-12-30T20:19:35.242Z [INFO]: [REQUEST] POST /api/users/crearUsuario
2024-12-30T20:19:35.348Z [INFO]: [RESPONSE] 201
2024-12-30T20:20:03.522Z [INFO]: [REQUEST] POST /api/users/login
2024-12-30T20:20:03.622Z [INFO]: [RESPONSE] 200
2024-12-30T20:20:03.693Z [INFO]: [REQUEST] GET /api/items/getItems
2024-12-30T20:20:03.699Z [INFO]: [RESPONSE] 200
2024-12-30T20:20:06.034Z [INFO]: [REQUEST] GET /api/audit/getAudits
2024-12-30T20:20:06.037Z [INFO]: [RESPONSE] 403
2024-12-30T20:20:49.058Z [INFO]: [REQUEST] POST /api/users/login
2024-12-30T20:20:49.124Z [INFO]: [RESPONSE] 200
2024-12-30T20:20:49.166Z [INFO]: [REQUEST] GET /api/items/getItems
2024-12-30T20:20:49.170Z [INFO]: [RESPONSE] 200
2024-12-30T20:20:51.087Z [INFO]: [REQUEST] GET /api/audit/getAudits
2024-12-30T20:20:51.092Z [INFO]: [RESPONSE] 200
2024-12-30T20:21:49.943Z [INFO]: [REQUEST] GET /api/audit/getAudits
2024-12-30T20:21:49.943Z [INFO]: [RESPONSE] 403
2024-12-30T20:21:50.727Z [INFO]: [REQUEST] GET /api/audit/getAudits
2024-12-30T20:21:50.731Z [INFO]: [RESPONSE] 200
2024-12-30T20:22:47.105Z [INFO]: [REQUEST] GET /api/audit/getAudits
2024-12-30T20:22:47.107Z [INFO]: [RESPONSE] 403
2024-12-30T20:22:47.290Z [INFO]: [REQUEST] GET /api/audit/getAudits
2024-12-30T20:22:47.415Z [INFO]: [RESPONSE] 200
2024-12-30T20:24:04.196Z [INFO]: [REQUEST] GET /api-docs/
2024-12-30T20:24:04.198Z [INFO]: [RESPONSE] 200
2024-12-30T20:24:04.255Z [INFO]: [REQUEST] GET /api-docs/swagger-ui.css
2024-12-30T20:24:04.259Z [INFO]: [REQUEST] GET /api-docs/swagger-ui-bundle.js
2024-12-30T20:24:04.265Z [INFO]: [REQUEST] GET /api-docs/swagger-ui-standalone-preset.js
2024-12-30T20:24:04.266Z [INFO]: [REQUEST] GET /api-docs/swagger-ui-init.js
2024-12-30T20:24:04.267Z [INFO]: [RESPONSE] 200
2024-12-30T20:24:04.633Z [INFO]: [REQUEST] GET /api-docs/favicon-32x32.png
2024-12-31T21:56:10.720Z [INFO]: [REQUEST] POST /api/users/login
2024-12-31T21:56:10.941Z [INFO]: [RESPONSE] 200
2024-12-31T21:56:11.010Z [INFO]: [REQUEST] GET /api/items/getItems
2024-12-31T21:56:11.028Z [INFO]: [RESPONSE] 200
2024-12-31T21:56:13.575Z [INFO]: [REQUEST] GET /api/audit/getAudits
2024-12-31T21:56:13.582Z [INFO]: [RESPONSE] 200
2024-12-31T21:57:21.064Z [INFO]: [REQUEST] GET /api/audit/getAudits
2024-12-31T21:57:21.065Z [INFO]: [RESPONSE] 403
2024-12-31T21:57:22.217Z [INFO]: [REQUEST] GET /api/audit/getAudits
2024-12-31T21:57:22.350Z [INFO]: [RESPONSE] 200
2024-12-31T21:58:33.314Z [INFO]: [REQUEST] POST /api/users/login
2024-12-31T21:58:33.387Z [INFO]: [RESPONSE] 200
2024-12-31T21:58:33.446Z [INFO]: [REQUEST] GET /api/items/getItems
2024-12-31T21:58:33.450Z [INFO]: [RESPONSE] 200
2024-12-31T21:58:50.316Z [INFO]: [REQUEST] POST /api/users/login
2024-12-31T21:58:50.387Z [INFO]: [RESPONSE] 200
2024-12-31T21:58:50.433Z [INFO]: [REQUEST] GET /api/items/getItems
2024-12-31T21:58:50.437Z [INFO]: [RESPONSE] 200
2024-12-31T21:59:17.787Z [INFO]: [REQUEST] POST /api/users/login
2024-12-31T21:59:17.854Z [INFO]: [RESPONSE] 200
2024-12-31T21:59:17.897Z [INFO]: [REQUEST] GET /api/items/getItems
2024-12-31T21:59:17.902Z [INFO]: [RESPONSE] 200
2024-12-31T22:18:37.434Z [INFO]: [REQUEST] GET /api/items/getItems
2024-12-31T22:18:37.434Z [INFO]: [RESPONSE] 403
2024-12-31T22:18:37.739Z [INFO]: [REQUEST] GET /api/items/getItems
2024-12-31T22:18:37.749Z [INFO]: [RESPONSE] 200
2024-12-31T22:18:59.108Z [INFO]: [REQUEST] GET /api/items/getItems
2024-12-31T22:18:59.108Z [INFO]: [RESPONSE] 403
2024-12-31T22:18:59.294Z [INFO]: [REQUEST] GET /api/items/getItems
2024-12-31T22:18:59.297Z [INFO]: [RESPONSE] 200
2024-12-31T22:23:31.550Z [INFO]: [REQUEST] GET /api-docs/
2024-12-31T22:23:31.554Z [INFO]: [RESPONSE] 200
2024-12-31T22:23:31.615Z [INFO]: [REQUEST] GET /api-docs/swagger-ui.css
2024-12-31T22:23:31.620Z [INFO]: [REQUEST] GET /api-docs/swagger-ui-bundle.js
2024-12-31T22:23:31.623Z [INFO]: [REQUEST] GET /api-docs/swagger-ui-init.js
2024-12-31T22:23:31.623Z [INFO]: [RESPONSE] 200
2024-12-31T22:23:31.625Z [INFO]: [REQUEST] GET /api-docs/swagger-ui-standalone-preset.js
2024-12-31T22:24:19.657Z [INFO]: [REQUEST] GET /api-docs/
2024-12-31T22:24:19.661Z [INFO]: [RESPONSE] 200
2024-12-31T22:24:19.713Z [INFO]: [REQUEST] GET /api-docs/swagger-ui.css
2024-12-31T22:24:19.715Z [INFO]: [REQUEST] GET /api-docs/swagger-ui-bundle.js
2024-12-31T22:24:19.719Z [INFO]: [REQUEST] GET /api-docs/swagger-ui-standalone-preset.js
2024-12-31T22:24:19.720Z [INFO]: [REQUEST] GET /api-docs/swagger-ui-init.js
2024-12-31T22:24:19.720Z [INFO]: [RESPONSE] 200
2024-12-31T22:24:19.912Z [INFO]: [REQUEST] GET /api-docs/favicon-32x32.png
2024-12-31T22:31:11.740Z [INFO]: [REQUEST] GET /api-docs/
2024-12-31T22:31:11.741Z [INFO]: [RESPONSE] 200
2024-12-31T22:31:11.797Z [INFO]: [REQUEST] GET /api-docs/swagger-ui.css
2024-12-31T22:31:11.799Z [INFO]: [REQUEST] GET /api-docs/swagger-ui-bundle.js
2024-12-31T22:31:11.800Z [INFO]: [REQUEST] GET /api-docs/swagger-ui-standalone-preset.js
2024-12-31T22:31:11.801Z [INFO]: [REQUEST] GET /api-docs/swagger-ui-init.js
2024-12-31T22:31:11.802Z [INFO]: [RESPONSE] 200
2024-12-31T22:31:11.965Z [INFO]: [REQUEST] GET /api-docs/favicon-32x32.png
2024-12-31T23:27:38.302Z [INFO]: [REQUEST] POST /api/users/crearUsuario
2024-12-31T23:27:38.451Z [INFO]: [RESPONSE] 500
2024-12-31T23:29:15.745Z [INFO]: [REQUEST] GET /api-docs/
2024-12-31T23:29:15.749Z [INFO]: [RESPONSE] 200
2024-12-31T23:29:15.816Z [INFO]: [REQUEST] GET /api-docs/swagger-ui.css
2024-12-31T23:29:15.819Z [INFO]: [REQUEST] GET /api-docs/swagger-ui-bundle.js
2024-12-31T23:29:15.822Z [INFO]: [REQUEST] GET /api-docs/swagger-ui-init.js
2024-12-31T23:29:15.823Z [INFO]: [RESPONSE] 200
2024-12-31T23:29:15.827Z [INFO]: [REQUEST] GET /api-docs/swagger-ui-standalone-preset.js
2024-12-31T23:29:16.214Z [INFO]: [REQUEST] GET /api-docs/favicon-32x32.png
2024-12-31T23:29:30.658Z [INFO]: [REQUEST] POST /api/users/crearUsuario
2024-12-31T23:29:30.766Z [INFO]: [RESPONSE] 201
2024-12-31T23:29:53.792Z [INFO]: [REQUEST] POST /api/users/login
2024-12-31T23:29:53.867Z [INFO]: [RESPONSE] 200
2024-12-31T23:29:53.909Z [INFO]: [REQUEST] GET /api/items/getItems
2024-12-31T23:29:53.919Z [INFO]: [RESPONSE] 200
2024-12-31T23:29:56.057Z [INFO]: [REQUEST] GET /api/audit/getAudits
2024-12-31T23:29:56.059Z [INFO]: [RESPONSE] 403
2024-12-31T23:31:01.811Z [INFO]: [REQUEST] POST /api/users/login
2024-12-31T23:31:01.916Z [INFO]: [RESPONSE] 200
2024-12-31T23:31:01.962Z [INFO]: [REQUEST] GET /api/items/getItems
2024-12-31T23:31:01.970Z [INFO]: [RESPONSE] 200
2024-12-31T23:31:04.245Z [INFO]: [REQUEST] GET /api/audit/getAudits
2024-12-31T23:31:04.261Z [INFO]: [RESPONSE] 200
2024-12-31T23:31:39.608Z [INFO]: [REQUEST] GET /api-docs/
2024-12-31T23:31:39.621Z [INFO]: [RESPONSE] 200
2024-12-31T23:31:39.670Z [INFO]: [REQUEST] GET /api-docs/swagger-ui.css
2024-12-31T23:31:39.672Z [INFO]: [REQUEST] GET /api-docs/swagger-ui-bundle.js
2024-12-31T23:31:39.677Z [INFO]: [REQUEST] GET /api-docs/swagger-ui-standalone-preset.js
2024-12-31T23:31:39.680Z [INFO]: [REQUEST] GET /api-docs/swagger-ui-init.js
2024-12-31T23:31:39.681Z [INFO]: [RESPONSE] 200
2024-12-31T23:31:39.883Z [INFO]: [REQUEST] GET /api-docs/favicon-32x32.png
2024-12-31T23:31:56.576Z [INFO]: [REQUEST] GET /api/audit/getAudits
2024-12-31T23:31:56.578Z [INFO]: [RESPONSE] 403
2024-12-31T23:31:57.047Z [INFO]: [REQUEST] GET /api/audit/getAudits
2024-12-31T23:31:57.134Z [INFO]: [RESPONSE] 200
2024-12-31T23:32:28.626Z [INFO]: [REQUEST] POST /api/users/crearUsuario
2024-12-31T23:32:28.704Z [INFO]: [RESPONSE] 201
2024-12-31T23:32:35.169Z [INFO]: [REQUEST] GET /api/audit/getAudits
2024-12-31T23:32:35.170Z [INFO]: [RESPONSE] 403
2024-12-31T23:32:35.703Z [INFO]: [REQUEST] GET /api/audit/getAudits
2024-12-31T23:32:35.773Z [INFO]: [RESPONSE] 200
2024-12-31T23:34:09.021Z [INFO]: [REQUEST] POST /api/users/login
2024-12-31T23:34:09.089Z [INFO]: [RESPONSE] 200
2024-12-31T23:34:09.129Z [INFO]: [REQUEST] GET /api/items/getItems
2024-12-31T23:34:09.134Z [INFO]: [RESPONSE] 200
2024-12-31T23:35:10.364Z [INFO]: [REQUEST] GET /api/audit/getAudits
2024-12-31T23:35:10.367Z [INFO]: [RESPONSE] 403
2024-12-31T23:47:49.184Z [INFO]: [REQUEST] POST /api/users/login
2024-12-31T23:47:49.254Z [INFO]: [RESPONSE] 401
2024-12-31T23:47:54.066Z [INFO]: [REQUEST] POST /api/users/login
2024-12-31T23:47:54.139Z [INFO]: [RESPONSE] 200
2024-12-31T23:47:54.175Z [INFO]: [REQUEST] GET /api/items/getItems
2024-12-31T23:47:54.189Z [INFO]: [RESPONSE] 200
2024-12-31T23:47:56.088Z [INFO]: [REQUEST] GET /api/audit/getAudits
2024-12-31T23:47:56.092Z [INFO]: [RESPONSE] 200
2025-01-01T00:31:44.928Z [INFO]: [REQUEST] GET /api-docs/
2025-01-01T00:31:44.930Z [INFO]: [RESPONSE] 200
2025-01-01T00:31:44.979Z [INFO]: [REQUEST] GET /api-docs/swagger-ui.css
2025-01-01T00:31:44.982Z [INFO]: [REQUEST] GET /api-docs/swagger-ui-bundle.js
2025-01-01T00:31:44.983Z [INFO]: [REQUEST] GET /api-docs/swagger-ui-standalone-preset.js
2025-01-01T00:31:44.984Z [INFO]: [REQUEST] GET /api-docs/swagger-ui-init.js
2025-01-01T00:31:44.985Z [INFO]: [RESPONSE] 200
2025-01-01T00:31:45.332Z [INFO]: [REQUEST] GET /api-docs/favicon-32x32.png
2025-01-01T00:33:01.052Z [INFO]: [REQUEST] GET /api/audit/getAudits
2025-01-01T00:33:01.053Z [INFO]: [RESPONSE] 403
2025-01-01T00:33:01.375Z [INFO]: [REQUEST] GET /api/audit/getAudits
2025-01-01T00:33:01.379Z [INFO]: [RESPONSE] 200
2025-01-01T00:33:12.436Z [INFO]: [REQUEST] GET /api/items/getItems
2025-01-01T00:33:12.440Z [INFO]: [RESPONSE] 200
2025-01-01T00:57:17.505Z [INFO]: [REQUEST] GET /api-docs/
2025-01-01T00:57:17.508Z [INFO]: [RESPONSE] 200
2025-01-01T00:57:17.564Z [INFO]: [REQUEST] GET /api-docs/swagger-ui.css
2025-01-01T00:57:17.571Z [INFO]: [REQUEST] GET /api-docs/swagger-ui-bundle.js
2025-01-01T00:57:17.575Z [INFO]: [REQUEST] GET /api-docs/swagger-ui-init.js
2025-01-01T00:57:17.575Z [INFO]: [RESPONSE] 200
2025-01-01T00:57:17.578Z [INFO]: [REQUEST] GET /api-docs/swagger-ui-standalone-preset.js
2025-01-01T00:57:17.913Z [INFO]: [REQUEST] GET /api-docs/favicon-32x32.png
2025-01-01T00:57:35.008Z [INFO]: [REQUEST] GET /api/categorias/getCategorias
2025-01-01T00:58:21.552Z [INFO]: [REQUEST] GET /api-docs/
2025-01-01T00:58:21.557Z [INFO]: [RESPONSE] 200
2025-01-01T00:58:21.614Z [INFO]: [REQUEST] GET /api-docs/swagger-ui.css
2025-01-01T00:58:21.616Z [INFO]: [REQUEST] GET /api-docs/swagger-ui-bundle.js
2025-01-01T00:58:21.623Z [INFO]: [REQUEST] GET /api-docs/swagger-ui-standalone-preset.js
2025-01-01T00:58:21.624Z [INFO]: [REQUEST] GET /api-docs/swagger-ui-init.js
2025-01-01T00:58:21.625Z [INFO]: [RESPONSE] 200
2025-01-01T00:58:21.864Z [INFO]: [REQUEST] GET /api-docs/favicon-32x32.png
2025-01-01T00:58:34.484Z [INFO]: [REQUEST] GET /api/list/getCategorias
2025-01-01T00:58:34.530Z [INFO]: [RESPONSE] 200
2025-01-01T00:59:20.428Z [INFO]: [REQUEST] POST /api/list/addCategoria
2025-01-01T00:59:20.436Z [INFO]: [RESPONSE] 201
2025-01-01T00:59:28.717Z [INFO]: [REQUEST] GET /api/list/getCategorias
2025-01-01T00:59:28.723Z [INFO]: [RESPONSE] 200
2025-01-01T00:59:42.380Z [INFO]: [REQUEST] GET /api/list/getCategorias
2025-01-01T00:59:42.381Z [INFO]: [RESPONSE] 403
2025-01-01T01:00:35.988Z [INFO]: [REQUEST] GET /api/audit/getAudits
2025-01-01T01:00:35.994Z [INFO]: [RESPONSE] 200
2025-01-01T01:05:53.688Z [INFO]: [REQUEST] GET /api-docs/
2025-01-01T01:05:53.692Z [INFO]: [RESPONSE] 200
2025-01-01T01:05:53.747Z [INFO]: [REQUEST] GET /api-docs/swagger-ui.css
2025-01-01T01:05:53.752Z [INFO]: [REQUEST] GET /api-docs/swagger-ui-bundle.js
2025-01-01T01:05:53.756Z [INFO]: [REQUEST] GET /api-docs/swagger-ui-standalone-preset.js
2025-01-01T01:05:53.760Z [INFO]: [REQUEST] GET /api-docs/swagger-ui-init.js
2025-01-01T01:05:53.760Z [INFO]: [RESPONSE] 200
2025-01-01T01:05:54.033Z [INFO]: [REQUEST] GET /api-docs/favicon-32x32.png
2025-01-01T01:06:19.257Z [INFO]: [REQUEST] GET /api/getCategorias
2025-01-01T01:06:49.398Z [INFO]: [REQUEST] GET /api-docs/
2025-01-01T01:06:49.402Z [INFO]: [RESPONSE] 200
2025-01-01T01:06:49.463Z [INFO]: [REQUEST] GET /api-docs/swagger-ui-standalone-preset.js
2025-01-01T01:06:49.467Z [INFO]: [REQUEST] GET /api-docs/swagger-ui.css
2025-01-01T01:06:49.469Z [INFO]: [REQUEST] GET /api-docs/swagger-ui-bundle.js
2025-01-01T01:06:49.474Z [INFO]: [REQUEST] GET /api-docs/swagger-ui-init.js
2025-01-01T01:06:49.476Z [INFO]: [RESPONSE] 200
2025-01-01T01:06:49.773Z [INFO]: [REQUEST] GET /api-docs/favicon-32x32.png
2025-01-01T01:07:00.543Z [INFO]: [REQUEST] GET /api/list/getCategorias
2025-01-01T01:07:00.593Z [INFO]: [RESPONSE] 200
2025-01-01T01:07:08.534Z [INFO]: [REQUEST] GET /api/list/getCategorias
2025-01-01T01:07:08.534Z [INFO]: [RESPONSE] 403
2025-01-01T01:07:24.745Z [INFO]: [REQUEST] GET /api/list/getDescripciones
2025-01-01T01:07:24.746Z [INFO]: [RESPONSE] 403
2025-01-01T01:07:45.016Z [INFO]: [REQUEST] POST /api/list/addDescripcion
2025-01-01T01:07:45.023Z [INFO]: [RESPONSE] 201
2025-01-01T01:07:54.020Z [INFO]: [REQUEST] GET /api/list/getDescripciones
2025-01-01T01:07:54.033Z [INFO]: [RESPONSE] 200
2025-01-01T01:18:34.470Z [INFO]: [REQUEST] POST /api/list/addCategoria
2025-01-01T01:18:34.477Z [INFO]: [RESPONSE] 201
2025-01-01T01:18:59.493Z [INFO]: [REQUEST] POST /api/list/addDescripcion
2025-01-01T01:18:59.516Z [INFO]: [RESPONSE] 201
2025-01-01T01:19:03.595Z [INFO]: [REQUEST] GET /api/list/getDescripciones
2025-01-01T01:19:03.598Z [INFO]: [RESPONSE] 200
2025-01-01T01:24:03.508Z [INFO]: [REQUEST] GET /api/audit/getAudits
2025-01-01T01:24:03.509Z [INFO]: [RESPONSE] 403
2025-01-01T01:24:03.510Z [INFO]: [REQUEST] GET /api/audit/getAudits
2025-01-01T01:24:03.510Z [INFO]: [RESPONSE] 403
2025-01-01T01:24:10.662Z [INFO]: [REQUEST] GET /api/audit/getAudits
2025-01-01T01:24:10.662Z [INFO]: [RESPONSE] 403
2025-01-01T01:24:10.960Z [INFO]: [REQUEST] GET /api/audit/getAudits
2025-01-01T01:24:10.966Z [INFO]: [RESPONSE] 200
2025-01-01T01:26:11.987Z [INFO]: [REQUEST] GET /api/audit/getAudits
2025-01-01T01:26:11.987Z [INFO]: [RESPONSE] 403
2025-01-01T01:26:11.988Z [INFO]: [REQUEST] GET /api/audit/getAudits
2025-01-01T01:26:11.989Z [INFO]: [RESPONSE] 403
2025-01-01T01:26:16.727Z [INFO]: [REQUEST] GET /api/audit/getAudits
2025-01-01T01:26:16.727Z [INFO]: [RESPONSE] 403
2025-01-01T01:26:17.423Z [INFO]: [REQUEST] GET /api/audit/getAudits
2025-01-01T01:26:17.428Z [INFO]: [RESPONSE] 200
2025-01-01T01:35:47.948Z [INFO]: [REQUEST] GET /api-docs/
2025-01-01T01:35:47.951Z [INFO]: [RESPONSE] 200
2025-01-01T01:35:48.012Z [INFO]: [REQUEST] GET /api-docs/swagger-ui.css
2025-01-01T01:35:48.021Z [INFO]: [REQUEST] GET /api-docs/swagger-ui-bundle.js
2025-01-01T01:35:48.025Z [INFO]: [REQUEST] GET /api-docs/swagger-ui-standalone-preset.js
2025-01-01T01:35:48.030Z [INFO]: [REQUEST] GET /api-docs/swagger-ui-init.js
2025-01-01T01:35:48.032Z [INFO]: [RESPONSE] 200
2025-01-01T01:35:48.428Z [INFO]: [REQUEST] GET /api-docs/favicon-32x32.png
2025-01-01T01:38:18.699Z [INFO]: [REQUEST] POST /api/items/addItem
2025-01-01T01:38:18.750Z [INFO]: [RESPONSE] 201
2025-01-01T01:44:16.537Z [INFO]: [REQUEST] GET /api/list/getCategorias
2025-01-01T01:44:16.538Z [INFO]: [RESPONSE] 403
2025-01-01T01:44:16.542Z [INFO]: [REQUEST] GET /api/list/getCategorias
2025-01-01T01:44:16.544Z [INFO]: [RESPONSE] 403
2025-01-01T01:44:24.459Z [INFO]: [REQUEST] GET /api/list/getCategorias
2025-01-01T01:44:24.460Z [INFO]: [RESPONSE] 403
2025-01-01T01:44:25.481Z [INFO]: [REQUEST] GET /api/list/getCategorias
2025-01-01T01:44:25.488Z [INFO]: [RESPONSE] 200
2025-01-01T01:46:10.355Z [INFO]: [REQUEST] GET /api/list/getCategorias
2025-01-01T01:46:10.355Z [INFO]: [RESPONSE] 403
2025-01-01T01:46:10.356Z [INFO]: [REQUEST] GET /api/list/getCategorias
2025-01-01T01:46:10.357Z [INFO]: [RESPONSE] 403
2025-01-01T01:46:10.824Z [INFO]: [REQUEST] GET /api/list/getCategorias
2025-01-01T01:46:10.842Z [INFO]: [RESPONSE] 200
2025-01-01T01:46:22.793Z [INFO]: [REQUEST] GET /api/list/getCategorias
2025-01-01T01:46:22.794Z [INFO]: [RESPONSE] 403
2025-01-01T01:46:23.342Z [INFO]: [REQUEST] GET /api/list/getCategorias
2025-01-01T01:46:23.394Z [INFO]: [RESPONSE] 200
2025-01-01T01:47:24.931Z [INFO]: [REQUEST] GET /api/list/getCategorias
2025-01-01T01:47:24.932Z [INFO]: [RESPONSE] 403
2025-01-01T01:47:25.493Z [INFO]: [REQUEST] GET /api/list/getCategorias
2025-01-01T01:47:25.561Z [INFO]: [RESPONSE] 200
2025-01-01T01:52:18.391Z [INFO]: [REQUEST] GET /api/list/getCategorias
2025-01-01T01:52:18.392Z [INFO]: [RESPONSE] 403
2025-01-01T01:52:18.394Z [INFO]: [REQUEST] GET /api/list/getDescripciones
2025-01-01T01:52:18.394Z [INFO]: [RESPONSE] 403
2025-01-01T01:52:18.396Z [INFO]: [REQUEST] GET /api/list/getCategorias
2025-01-01T01:52:18.396Z [INFO]: [RESPONSE] 403
2025-01-01T01:52:18.397Z [INFO]: [REQUEST] GET /api/list/getDescripciones
2025-01-01T01:52:18.397Z [INFO]: [RESPONSE] 403
2025-01-01T01:52:19.570Z [INFO]: [REQUEST] GET /api/list/getCategorias
2025-01-01T01:52:19.573Z [INFO]: [REQUEST] GET /api/list/getDescripciones
2025-01-01T01:52:19.576Z [INFO]: [RESPONSE] 200
2025-01-01T01:52:19.583Z [INFO]: [RESPONSE] 200
2025-01-01T01:52:44.040Z [INFO]: [REQUEST] GET /api/list/getCategorias
2025-01-01T01:52:44.040Z [INFO]: [RESPONSE] 403
2025-01-01T01:52:44.042Z [INFO]: [REQUEST] GET /api/list/getDescripciones
2025-01-01T01:52:44.043Z [INFO]: [RESPONSE] 403
2025-01-01T01:52:44.748Z [INFO]: [REQUEST] GET /api/list/getDescripciones
2025-01-01T01:52:44.786Z [INFO]: [REQUEST] GET /api/list/getCategorias
2025-01-01T01:52:44.791Z [INFO]: [RESPONSE] 200
2025-01-01T01:52:44.837Z [INFO]: [RESPONSE] 200
2025-01-01T01:55:59.264Z [INFO]: [REQUEST] GET /api/list/getCategorias
2025-01-01T01:55:59.265Z [INFO]: [RESPONSE] 403
2025-01-01T01:55:59.266Z [INFO]: [REQUEST] GET /api/list/getDescripciones
2025-01-01T01:55:59.266Z [INFO]: [RESPONSE] 403
2025-01-01T01:55:59.267Z [INFO]: [REQUEST] GET /api/list/getCategorias
2025-01-01T01:55:59.267Z [INFO]: [RESPONSE] 403
2025-01-01T01:55:59.268Z [INFO]: [REQUEST] GET /api/list/getDescripciones
2025-01-01T01:55:59.268Z [INFO]: [RESPONSE] 403
2025-01-01T01:55:59.692Z [INFO]: [REQUEST] GET /api/list/getCategorias
2025-01-01T01:55:59.695Z [INFO]: [REQUEST] GET /api/list/getDescripciones
2025-01-01T01:55:59.697Z [INFO]: [RESPONSE] 200
2025-01-01T01:55:59.698Z [INFO]: [RESPONSE] 200
2025-01-01T01:56:12.036Z [INFO]: [REQUEST] GET /api/list/getCategorias
2025-01-01T01:56:12.038Z [INFO]: [RESPONSE] 403
2025-01-01T01:56:12.039Z [INFO]: [REQUEST] GET /api/list/getDescripciones
2025-01-01T01:56:12.040Z [INFO]: [RESPONSE] 403
2025-01-01T01:56:12.502Z [INFO]: [REQUEST] GET /api/list/getDescripciones
2025-01-01T01:56:12.553Z [INFO]: [REQUEST] GET /api/list/getCategorias
2025-01-01T01:56:12.581Z [INFO]: [RESPONSE] 200
2025-01-01T01:56:12.588Z [INFO]: [RESPONSE] 200
2025-01-01T01:56:31.454Z [INFO]: [REQUEST] GET /api/list/getCategorias
2025-01-01T01:56:31.456Z [INFO]: [RESPONSE] 200
2025-01-01T01:57:54.094Z [INFO]: [REQUEST] GET /api/list/getCategorias
2025-01-01T01:57:54.094Z [INFO]: [RESPONSE] 403
2025-01-01T01:57:54.095Z [INFO]: [REQUEST] GET /api/list/getDescripciones
2025-01-01T01:57:54.096Z [INFO]: [RESPONSE] 403
2025-01-01T01:57:54.096Z [INFO]: [REQUEST] GET /api/list/getCategorias
2025-01-01T01:57:54.097Z [INFO]: [RESPONSE] 403
2025-01-01T01:57:54.097Z [INFO]: [REQUEST] GET /api/list/getDescripciones
2025-01-01T01:57:54.098Z [INFO]: [RESPONSE] 403
2025-01-01T01:57:54.829Z [INFO]: [REQUEST] GET /api/list/getCategorias
2025-01-01T01:57:54.853Z [INFO]: [REQUEST] GET /api/list/getDescripciones
2025-01-01T01:57:55.010Z [INFO]: [RESPONSE] 200
2025-01-01T01:57:55.095Z [INFO]: [RESPONSE] 200
2025-01-01T01:58:23.071Z [INFO]: [REQUEST] GET /api/list/getCategorias
2025-01-01T01:58:23.083Z [INFO]: [RESPONSE] 403
2025-01-01T01:58:23.084Z [INFO]: [REQUEST] GET /api/list/getDescripciones
2025-01-01T01:58:23.085Z [INFO]: [RESPONSE] 403
2025-01-01T01:58:23.712Z [INFO]: [REQUEST] GET /api/list/getCategorias
2025-01-01T01:58:23.770Z [INFO]: [REQUEST] GET /api/list/getDescripciones
2025-01-01T01:58:23.772Z [INFO]: [RESPONSE] 200
2025-01-01T01:58:23.774Z [INFO]: [RESPONSE] 200
2025-01-01T02:01:28.305Z [INFO]: [REQUEST] GET /api/list/getCategorias
2025-01-01T02:01:28.305Z [INFO]: [RESPONSE] 403
2025-01-01T02:01:28.306Z [INFO]: [REQUEST] GET /api/list/getDescripciones
2025-01-01T02:01:28.307Z [INFO]: [RESPONSE] 403
2025-01-01T02:01:28.776Z [INFO]: [REQUEST] GET /api/list/getCategorias
2025-01-01T02:01:28.797Z [INFO]: [REQUEST] GET /api/list/getDescripciones
2025-01-01T02:01:28.816Z [INFO]: [RESPONSE] 200
2025-01-01T02:01:28.821Z [INFO]: [RESPONSE] 200
2025-01-01T02:02:00.976Z [INFO]: [REQUEST] GET /api/list/getCategorias
2025-01-01T02:02:00.977Z [INFO]: [RESPONSE] 403
2025-01-01T02:02:00.978Z [INFO]: [REQUEST] GET /api/list/getDescripciones
2025-01-01T02:02:00.978Z [INFO]: [RESPONSE] 403
2025-01-01T02:02:01.396Z [INFO]: [REQUEST] GET /api/list/getDescripciones
2025-01-01T02:02:01.452Z [INFO]: [REQUEST] GET /api/list/getCategorias
2025-01-01T02:02:01.459Z [INFO]: [RESPONSE] 200
2025-01-01T02:02:01.470Z [INFO]: [RESPONSE] 200
2025-01-01T02:02:35.165Z [INFO]: [REQUEST] GET /api/list/getCategorias
2025-01-01T02:02:35.165Z [INFO]: [RESPONSE] 403
2025-01-01T02:02:35.166Z [INFO]: [REQUEST] GET /api/list/getDescripciones
2025-01-01T02:02:35.167Z [INFO]: [RESPONSE] 403
2025-01-01T02:02:35.862Z [INFO]: [REQUEST] GET /api/list/getCategorias
2025-01-01T02:02:35.865Z [INFO]: [REQUEST] GET /api/list/getDescripciones
2025-01-01T02:02:35.866Z [INFO]: [RESPONSE] 200
2025-01-01T02:02:35.868Z [INFO]: [RESPONSE] 200
2025-01-01T02:02:53.055Z [INFO]: [REQUEST] GET /api/list/getCategorias
2025-01-01T02:02:53.056Z [INFO]: [RESPONSE] 403
2025-01-01T02:02:53.058Z [INFO]: [REQUEST] GET /api/list/getDescripciones
2025-01-01T02:02:53.058Z [INFO]: [RESPONSE] 403
2025-01-01T02:02:54.087Z [INFO]: [REQUEST] GET /api/list/getCategorias
2025-01-01T02:02:54.089Z [INFO]: [REQUEST] GET /api/list/getDescripciones
2025-01-01T02:02:54.091Z [INFO]: [RESPONSE] 200
2025-01-01T02:02:54.092Z [INFO]: [RESPONSE] 200
2025-01-01T02:04:11.007Z [INFO]: [REQUEST] GET /api/list/getCategorias
2025-01-01T02:04:11.007Z [INFO]: [RESPONSE] 403
2025-01-01T02:04:11.009Z [INFO]: [REQUEST] GET /api/list/getDescripciones
2025-01-01T02:04:11.010Z [INFO]: [RESPONSE] 403
2025-01-01T02:04:11.440Z [INFO]: [REQUEST] GET /api/list/getCategorias
2025-01-01T02:04:11.454Z [INFO]: [REQUEST] GET /api/list/getDescripciones
2025-01-01T02:04:11.457Z [INFO]: [RESPONSE] 200
2025-01-01T02:04:11.460Z [INFO]: [RESPONSE] 200
2025-01-01T02:04:19.453Z [INFO]: [REQUEST] GET /api/list/getCategorias
2025-01-01T02:04:19.454Z [INFO]: [RESPONSE] 403
2025-01-01T02:04:19.455Z [INFO]: [REQUEST] GET /api/list/getDescripciones
2025-01-01T02:04:19.455Z [INFO]: [RESPONSE] 403
2025-01-01T02:04:19.804Z [INFO]: [REQUEST] GET /api/list/getCategorias
2025-01-01T02:04:19.807Z [INFO]: [REQUEST] GET /api/list/getDescripciones
2025-01-01T02:04:19.809Z [INFO]: [RESPONSE] 200
2025-01-01T02:04:19.810Z [INFO]: [RESPONSE] 200
2025-01-01T02:04:29.562Z [INFO]: [REQUEST] GET /api/list/getCategorias
2025-01-01T02:04:29.563Z [INFO]: [RESPONSE] 403
2025-01-01T02:04:29.564Z [INFO]: [REQUEST] GET /api/list/getDescripciones
2025-01-01T02:04:29.564Z [INFO]: [RESPONSE] 403
2025-01-01T02:04:29.983Z [INFO]: [REQUEST] GET /api/list/getDescripciones
2025-01-01T02:04:30.002Z [INFO]: [REQUEST] GET /api/list/getCategorias
2025-01-01T02:04:30.005Z [INFO]: [RESPONSE] 200
2025-01-01T02:04:30.006Z [INFO]: [RESPONSE] 200
2025-01-01T02:05:43.830Z [INFO]: [REQUEST] GET /api/list/getCategorias
2025-01-01T02:05:43.845Z [INFO]: [RESPONSE] 403
2025-01-01T02:05:43.846Z [INFO]: [REQUEST] GET /api/list/getDescripciones
2025-01-01T02:05:43.846Z [INFO]: [RESPONSE] 403
2025-01-01T02:05:44.324Z [INFO]: [REQUEST] GET /api/list/getCategorias
2025-01-01T02:05:44.333Z [INFO]: [REQUEST] GET /api/list/getDescripciones
2025-01-01T02:05:44.344Z [INFO]: [RESPONSE] 200
2025-01-01T02:05:44.345Z [INFO]: [RESPONSE] 200
2025-01-01T02:06:05.317Z [INFO]: [REQUEST] GET /api/list/getCategorias
2025-01-01T02:06:05.317Z [INFO]: [RESPONSE] 403
2025-01-01T02:06:05.318Z [INFO]: [REQUEST] GET /api/list/getDescripciones
2025-01-01T02:06:05.319Z [INFO]: [RESPONSE] 403
2025-01-01T02:06:05.892Z [INFO]: [REQUEST] GET /api/list/getCategorias
2025-01-01T02:06:05.895Z [INFO]: [REQUEST] GET /api/list/getDescripciones
2025-01-01T02:06:05.897Z [INFO]: [RESPONSE] 200
2025-01-01T02:06:05.898Z [INFO]: [RESPONSE] 200
2025-01-01T02:07:02.134Z [INFO]: [REQUEST] GET /api/list/getCategorias
2025-01-01T02:07:02.134Z [INFO]: [RESPONSE] 403
2025-01-01T02:07:02.135Z [INFO]: [REQUEST] GET /api/list/getDescripciones
2025-01-01T02:07:02.135Z [INFO]: [RESPONSE] 403
2025-01-01T02:07:02.536Z [INFO]: [REQUEST] GET /api/list/getDescripciones
2025-01-01T02:07:02.553Z [INFO]: [REQUEST] GET /api/list/getCategorias
2025-01-01T02:07:02.585Z [INFO]: [RESPONSE] 200
2025-01-01T02:07:02.594Z [INFO]: [RESPONSE] 200
2025-01-01T02:10:20.078Z [INFO]: [REQUEST] GET /api/list/getCategorias
2025-01-01T02:10:20.079Z [INFO]: [RESPONSE] 403
2025-01-01T02:10:20.081Z [INFO]: [REQUEST] GET /api/list/getDescripciones
2025-01-01T02:10:20.081Z [INFO]: [RESPONSE] 403
2025-01-01T02:10:20.933Z [INFO]: [REQUEST] GET /api/list/getCategorias
2025-01-01T02:10:20.935Z [INFO]: [REQUEST] GET /api/list/getDescripciones
2025-01-01T02:10:20.936Z [INFO]: [RESPONSE] 200
2025-01-01T02:10:20.937Z [INFO]: [RESPONSE] 200
2025-01-01T02:10:37.924Z [INFO]: [REQUEST] GET /api/list/getCategorias
2025-01-01T02:10:37.924Z [INFO]: [RESPONSE] 403
2025-01-01T02:10:37.925Z [INFO]: [REQUEST] GET /api/list/getDescripciones
2025-01-01T02:10:37.925Z [INFO]: [RESPONSE] 403
2025-01-01T02:10:38.905Z [INFO]: [REQUEST] GET /api/list/getCategorias
2025-01-01T02:10:38.908Z [INFO]: [REQUEST] GET /api/list/getDescripciones
2025-01-01T02:10:38.910Z [INFO]: [RESPONSE] 200
2025-01-01T02:10:38.911Z [INFO]: [RESPONSE] 200
2025-01-01T02:11:10.952Z [INFO]: [REQUEST] GET /api/list/getCategorias
2025-01-01T02:11:10.953Z [INFO]: [RESPONSE] 403
2025-01-01T02:11:10.954Z [INFO]: [REQUEST] GET /api/list/getDescripciones
2025-01-01T02:11:10.954Z [INFO]: [RESPONSE] 403
2025-01-01T02:11:11.768Z [INFO]: [REQUEST] GET /api/list/getCategorias
2025-01-01T02:11:11.770Z [INFO]: [RESPONSE] 200
2025-01-01T02:11:11.775Z [INFO]: [REQUEST] GET /api/list/getDescripciones
2025-01-01T02:11:11.778Z [INFO]: [RESPONSE] 200
2025-01-01T02:11:30.209Z [INFO]: [REQUEST] GET /api/list/getCategorias
2025-01-01T02:11:30.212Z [INFO]: [REQUEST] GET /api/list/getDescripciones
2025-01-01T02:11:30.214Z [INFO]: [RESPONSE] 200
2025-01-01T02:11:30.215Z [INFO]: [RESPONSE] 200
2025-01-01T02:13:56.029Z [INFO]: [REQUEST] GET /api/list/getCategorias
2025-01-01T02:13:56.029Z [INFO]: [RESPONSE] 403
2025-01-01T02:13:56.030Z [INFO]: [REQUEST] GET /api/list/getDescripciones
2025-01-01T02:13:56.030Z [INFO]: [RESPONSE] 403
2025-01-01T02:13:56.465Z [INFO]: [REQUEST] GET /api/list/getDescripciones
2025-01-01T02:13:56.541Z [INFO]: [REQUEST] GET /api/list/getCategorias
2025-01-01T02:13:56.568Z [INFO]: [RESPONSE] 200
2025-01-01T02:13:56.582Z [INFO]: [RESPONSE] 200
2025-01-01T02:14:36.364Z [INFO]: [REQUEST] GET /api/list/getCategorias
2025-01-01T02:14:36.365Z [INFO]: [RESPONSE] 403
2025-01-01T02:14:36.366Z [INFO]: [REQUEST] GET /api/list/getDescripciones
2025-01-01T02:14:36.366Z [INFO]: [RESPONSE] 403
2025-01-01T02:14:37.129Z [INFO]: [REQUEST] GET /api/list/getCategorias
2025-01-01T02:14:37.131Z [INFO]: [RESPONSE] 200
2025-01-01T02:14:37.138Z [INFO]: [REQUEST] GET /api/list/getDescripciones
2025-01-01T02:14:37.140Z [INFO]: [RESPONSE] 200
2025-01-01T02:14:43.063Z [INFO]: [REQUEST] GET /api/list/getCategorias
2025-01-01T02:14:43.064Z [INFO]: [RESPONSE] 403
2025-01-01T02:14:43.064Z [INFO]: [REQUEST] GET /api/list/getDescripciones
2025-01-01T02:14:43.065Z [INFO]: [RESPONSE] 403
2025-01-01T02:14:43.612Z [INFO]: [REQUEST] GET /api/list/getCategorias
2025-01-01T02:14:43.614Z [INFO]: [REQUEST] GET /api/list/getDescripciones
2025-01-01T02:14:43.616Z [INFO]: [RESPONSE] 200
2025-01-01T02:14:43.617Z [INFO]: [RESPONSE] 200
2025-01-01T02:15:56.116Z [INFO]: [REQUEST] GET /api/list/getCategorias
2025-01-01T02:15:56.116Z [INFO]: [RESPONSE] 403
2025-01-01T02:15:56.119Z [INFO]: [REQUEST] GET /api/list/getDescripciones
2025-01-01T02:15:56.120Z [INFO]: [RESPONSE] 403
2025-01-01T02:15:56.879Z [INFO]: [REQUEST] GET /api/list/getCategorias
2025-01-01T02:15:56.881Z [INFO]: [REQUEST] GET /api/list/getDescripciones
2025-01-01T02:15:56.883Z [INFO]: [RESPONSE] 200
2025-01-01T02:15:56.885Z [INFO]: [RESPONSE] 200
2025-01-01T02:16:44.150Z [INFO]: [REQUEST] GET /api/list/getCategorias
2025-01-01T02:16:44.157Z [INFO]: [RESPONSE] 403
2025-01-01T02:16:44.176Z [INFO]: [REQUEST] GET /api/list/getDescripciones
2025-01-01T02:16:44.176Z [INFO]: [RESPONSE] 403
2025-01-01T02:16:44.685Z [INFO]: [REQUEST] GET /api/list/getDescripciones
2025-01-01T02:16:44.723Z [INFO]: [REQUEST] GET /api/list/getCategorias
2025-01-01T02:16:44.726Z [INFO]: [RESPONSE] 200
2025-01-01T02:16:44.733Z [INFO]: [RESPONSE] 200
2025-01-01T02:17:36.422Z [INFO]: [REQUEST] GET /api/list/getCategorias
2025-01-01T02:17:36.423Z [INFO]: [RESPONSE] 403
2025-01-01T02:17:36.424Z [INFO]: [REQUEST] GET /api/list/getDescripciones
2025-01-01T02:17:36.424Z [INFO]: [RESPONSE] 403
2025-01-01T02:17:36.871Z [INFO]: [REQUEST] GET /api/list/getCategorias
2025-01-01T02:17:36.886Z [INFO]: [REQUEST] GET /api/list/getDescripciones
2025-01-01T02:17:36.891Z [INFO]: [RESPONSE] 200
2025-01-01T02:17:36.892Z [INFO]: [RESPONSE] 200
2025-01-01T02:22:04.509Z [INFO]: [REQUEST] GET /api/list/getCategorias
2025-01-01T02:22:04.510Z [INFO]: [RESPONSE] 403
2025-01-01T02:22:04.511Z [INFO]: [REQUEST] GET /api/list/getDescripciones
2025-01-01T02:22:04.511Z [INFO]: [RESPONSE] 403
2025-01-01T02:22:04.947Z [INFO]: [REQUEST] GET /api/list/getCategorias
2025-01-01T02:22:04.981Z [INFO]: [REQUEST] GET /api/list/getDescripciones
2025-01-01T02:22:04.984Z [INFO]: [RESPONSE] 200
2025-01-01T02:22:04.986Z [INFO]: [RESPONSE] 200
2025-01-01T02:23:56.152Z [INFO]: [REQUEST] GET /api/list/getCategorias
2025-01-01T02:23:56.152Z [INFO]: [RESPONSE] 403
2025-01-01T02:23:56.153Z [INFO]: [REQUEST] GET /api/list/getDescripciones
2025-01-01T02:23:56.153Z [INFO]: [RESPONSE] 403
2025-01-01T02:23:56.559Z [INFO]: [REQUEST] GET /api/list/getDescripciones
2025-01-01T02:23:56.566Z [INFO]: [REQUEST] GET /api/list/getCategorias
2025-01-01T02:23:56.576Z [INFO]: [RESPONSE] 200
2025-01-01T02:23:56.580Z [INFO]: [RESPONSE] 200
2025-01-01T02:26:43.854Z [INFO]: [REQUEST] GET /api/list/getCategorias
2025-01-01T02:26:43.855Z [INFO]: [RESPONSE] 403
2025-01-01T02:26:43.856Z [INFO]: [REQUEST] GET /api/list/getDescripciones
2025-01-01T02:26:43.856Z [INFO]: [RESPONSE] 403
2025-01-01T02:26:44.306Z [INFO]: [REQUEST] GET /api/list/getDescripciones
2025-01-01T02:26:44.330Z [INFO]: [REQUEST] GET /api/list/getCategorias
2025-01-01T02:26:44.332Z [INFO]: [RESPONSE] 200
2025-01-01T02:26:44.333Z [INFO]: [RESPONSE] 200
2025-01-01T02:27:30.566Z [INFO]: [REQUEST] GET /api/list/getCategorias
2025-01-01T02:27:30.566Z [INFO]: [RESPONSE] 403
2025-01-01T02:27:30.567Z [INFO]: [REQUEST] GET /api/list/getDescripciones
2025-01-01T02:27:30.567Z [INFO]: [RESPONSE] 403
2025-01-01T02:27:30.989Z [INFO]: [REQUEST] GET /api/list/getDescripciones
2025-01-01T02:27:30.994Z [INFO]: [REQUEST] GET /api/list/getCategorias
2025-01-01T02:27:31.003Z [INFO]: [RESPONSE] 200
2025-01-01T02:27:31.019Z [INFO]: [RESPONSE] 200
2025-01-01T02:28:00.747Z [INFO]: [REQUEST] GET /api/list/getCategorias
2025-01-01T02:28:00.749Z [INFO]: [RESPONSE] 403
2025-01-01T02:28:00.750Z [INFO]: [REQUEST] GET /api/list/getDescripciones
2025-01-01T02:28:00.751Z [INFO]: [RESPONSE] 403
2025-01-01T02:28:01.151Z [INFO]: [REQUEST] GET /api/list/getDescripciones
2025-01-01T02:28:01.157Z [INFO]: [REQUEST] GET /api/list/getCategorias
2025-01-01T02:28:01.167Z [INFO]: [RESPONSE] 200
2025-01-01T02:28:01.168Z [INFO]: [RESPONSE] 200
2025-01-01T02:28:55.063Z [INFO]: [REQUEST] GET /api/list/getCategorias
2025-01-01T02:28:55.064Z [INFO]: [RESPONSE] 403
2025-01-01T02:28:55.065Z [INFO]: [REQUEST] GET /api/list/getDescripciones
2025-01-01T02:28:55.065Z [INFO]: [RESPONSE] 403
2025-01-01T02:28:55.763Z [INFO]: [REQUEST] GET /api/list/getCategorias
2025-01-01T02:28:55.767Z [INFO]: [REQUEST] GET /api/list/getDescripciones
2025-01-01T02:28:55.770Z [INFO]: [RESPONSE] 200
2025-01-01T02:28:55.771Z [INFO]: [RESPONSE] 200
2025-01-01T02:30:53.418Z [INFO]: [REQUEST] GET /api/list/getCategorias
2025-01-01T02:30:53.418Z [INFO]: [RESPONSE] 403
2025-01-01T02:30:53.420Z [INFO]: [REQUEST] GET /api/list/getDescripciones
2025-01-01T02:30:53.420Z [INFO]: [RESPONSE] 403
2025-01-01T02:30:53.936Z [INFO]: [REQUEST] GET /api/list/getDescripciones
2025-01-01T02:30:53.956Z [INFO]: [REQUEST] GET /api/list/getCategorias
2025-01-01T02:30:53.958Z [INFO]: [RESPONSE] 200
2025-01-01T02:30:53.959Z [INFO]: [RESPONSE] 200
2025-01-01T02:31:38.027Z [INFO]: [REQUEST] GET /api/list/getCategorias
2025-01-01T02:31:38.028Z [INFO]: [RESPONSE] 403
2025-01-01T02:31:38.029Z [INFO]: [REQUEST] GET /api/list/getDescripciones
2025-01-01T02:31:38.029Z [INFO]: [RESPONSE] 403
2025-01-01T02:31:38.871Z [INFO]: [REQUEST] GET /api/list/getCategorias
2025-01-01T02:31:38.874Z [INFO]: [RESPONSE] 200
2025-01-01T02:31:38.877Z [INFO]: [REQUEST] GET /api/list/getDescripciones
2025-01-01T02:31:38.880Z [INFO]: [RESPONSE] 200
2025-01-01T02:32:14.181Z [INFO]: [REQUEST] GET /api/list/getCategorias
2025-01-01T02:32:14.182Z [INFO]: [RESPONSE] 403
2025-01-01T02:32:14.184Z [INFO]: [REQUEST] GET /api/list/getDescripciones
2025-01-01T02:32:14.185Z [INFO]: [RESPONSE] 403
2025-01-01T02:32:14.719Z [INFO]: [REQUEST] GET /api/list/getCategorias
2025-01-01T02:32:14.755Z [INFO]: [REQUEST] GET /api/list/getDescripciones
2025-01-01T02:32:14.773Z [INFO]: [RESPONSE] 200
2025-01-01T02:32:14.783Z [INFO]: [RESPONSE] 200
2025-01-01T02:35:23.999Z [INFO]: [REQUEST] GET /api/list/getCategorias
2025-01-01T02:35:24.000Z [INFO]: [RESPONSE] 403
2025-01-01T02:35:24.001Z [INFO]: [REQUEST] GET /api/list/getDescripciones
2025-01-01T02:35:24.001Z [INFO]: [RESPONSE] 403
2025-01-01T02:35:24.518Z [INFO]: [REQUEST] GET /api/list/getCategorias
2025-01-01T02:35:24.521Z [INFO]: [REQUEST] GET /api/list/getDescripciones
2025-01-01T02:35:24.523Z [INFO]: [RESPONSE] 200
2025-01-01T02:35:24.524Z [INFO]: [RESPONSE] 200
2025-01-01T02:35:53.736Z [INFO]: [REQUEST] GET /api/list/getCategorias
2025-01-01T02:35:53.736Z [INFO]: [RESPONSE] 403
2025-01-01T02:35:53.737Z [INFO]: [REQUEST] GET /api/list/getDescripciones
2025-01-01T02:35:53.737Z [INFO]: [RESPONSE] 403
2025-01-01T02:35:54.191Z [INFO]: [REQUEST] GET /api/list/getCategorias
2025-01-01T02:35:54.257Z [INFO]: [REQUEST] GET /api/list/getDescripciones
2025-01-01T02:35:54.285Z [INFO]: [RESPONSE] 200
2025-01-01T02:35:54.304Z [INFO]: [RESPONSE] 200
2025-01-01T02:36:28.754Z [INFO]: [REQUEST] GET /api/list/getCategorias
2025-01-01T02:36:28.755Z [INFO]: [RESPONSE] 403
2025-01-01T02:36:28.755Z [INFO]: [REQUEST] GET /api/list/getDescripciones
2025-01-01T02:36:28.756Z [INFO]: [RESPONSE] 403
2025-01-01T02:36:29.216Z [INFO]: [REQUEST] GET /api/list/getDescripciones
2025-01-01T02:36:29.237Z [INFO]: [REQUEST] GET /api/list/getCategorias
2025-01-01T02:36:29.239Z [INFO]: [RESPONSE] 200
2025-01-01T02:36:29.240Z [INFO]: [RESPONSE] 200
2025-01-01T02:37:18.093Z [INFO]: [REQUEST] GET /api/list/getCategorias
2025-01-01T02:37:18.094Z [INFO]: [RESPONSE] 403
2025-01-01T02:37:18.094Z [INFO]: [REQUEST] GET /api/list/getDescripciones
2025-01-01T02:37:18.095Z [INFO]: [RESPONSE] 403
2025-01-01T02:37:18.439Z [INFO]: [REQUEST] GET /api/list/getCategorias
2025-01-01T02:37:18.442Z [INFO]: [REQUEST] GET /api/list/getDescripciones
2025-01-01T02:37:18.444Z [INFO]: [RESPONSE] 200
2025-01-01T02:37:18.445Z [INFO]: [RESPONSE] 200
2025-01-01T02:37:34.103Z [INFO]: [REQUEST] GET /api/list/getCategorias
2025-01-01T02:37:34.103Z [INFO]: [RESPONSE] 403
2025-01-01T02:37:34.104Z [INFO]: [REQUEST] GET /api/list/getDescripciones
2025-01-01T02:37:34.104Z [INFO]: [RESPONSE] 403
2025-01-01T02:37:34.511Z [INFO]: [REQUEST] GET /api/list/getDescripciones
2025-01-01T02:37:34.514Z [INFO]: [REQUEST] GET /api/list/getCategorias
2025-01-01T02:37:34.516Z [INFO]: [RESPONSE] 200
2025-01-01T02:37:34.517Z [INFO]: [RESPONSE] 200
2025-01-01T02:38:26.184Z [INFO]: [REQUEST] GET /api/list/getCategorias
2025-01-01T02:38:26.184Z [INFO]: [RESPONSE] 403
2025-01-01T02:38:26.185Z [INFO]: [REQUEST] GET /api/list/getDescripciones
2025-01-01T02:38:26.186Z [INFO]: [RESPONSE] 403
2025-01-01T02:38:26.638Z [INFO]: [REQUEST] GET /api/list/getCategorias
2025-01-01T02:38:26.746Z [INFO]: [REQUEST] GET /api/list/getDescripciones
2025-01-01T02:38:26.765Z [INFO]: [RESPONSE] 200
2025-01-01T02:38:26.774Z [INFO]: [RESPONSE] 200
2025-01-01T02:39:26.119Z [INFO]: [REQUEST] GET /api/list/getCategorias
2025-01-01T02:39:26.120Z [INFO]: [RESPONSE] 403
2025-01-01T02:39:26.120Z [INFO]: [REQUEST] GET /api/list/getDescripciones
2025-01-01T02:39:26.121Z [INFO]: [RESPONSE] 403
2025-01-01T02:39:27.004Z [INFO]: [REQUEST] GET /api/list/getCategorias
2025-01-01T02:39:27.007Z [INFO]: [REQUEST] GET /api/list/getDescripciones
2025-01-01T02:39:27.008Z [INFO]: [RESPONSE] 200
2025-01-01T02:39:27.009Z [INFO]: [RESPONSE] 200
2025-01-01T02:39:34.992Z [INFO]: [REQUEST] GET /api/list/getCategorias
2025-01-01T02:39:34.993Z [INFO]: [RESPONSE] 403
2025-01-01T02:39:34.994Z [INFO]: [REQUEST] GET /api/list/getDescripciones
2025-01-01T02:39:34.995Z [INFO]: [RESPONSE] 403
2025-01-01T02:39:35.714Z [INFO]: [REQUEST] GET /api/list/getCategorias
2025-01-01T02:39:35.716Z [INFO]: [REQUEST] GET /api/list/getDescripciones
2025-01-01T02:39:35.718Z [INFO]: [RESPONSE] 200
2025-01-01T02:39:35.719Z [INFO]: [RESPONSE] 200
2025-01-01T02:40:01.264Z [INFO]: [REQUEST] GET /api/list/getCategorias
2025-01-01T02:40:01.265Z [INFO]: [RESPONSE] 403
2025-01-01T02:40:01.266Z [INFO]: [REQUEST] GET /api/list/getDescripciones
2025-01-01T02:40:01.266Z [INFO]: [RESPONSE] 403
2025-01-01T02:40:01.695Z [INFO]: [REQUEST] GET /api/list/getCategorias
2025-01-01T02:40:01.715Z [INFO]: [REQUEST] GET /api/list/getDescripciones
2025-01-01T02:40:01.723Z [INFO]: [RESPONSE] 200
2025-01-01T02:40:01.750Z [INFO]: [RESPONSE] 200
2025-01-01T02:40:49.208Z [INFO]: [REQUEST] GET /api/list/getCategorias
2025-01-01T02:40:49.208Z [INFO]: [RESPONSE] 403
2025-01-01T02:40:49.210Z [INFO]: [REQUEST] GET /api/list/getDescripciones
2025-01-01T02:40:49.210Z [INFO]: [RESPONSE] 403
2025-01-01T02:40:49.620Z [INFO]: [REQUEST] GET /api/list/getCategorias
2025-01-01T02:40:49.636Z [INFO]: [REQUEST] GET /api/list/getDescripciones
2025-01-01T02:40:49.642Z [INFO]: [RESPONSE] 200
2025-01-01T02:40:49.648Z [INFO]: [RESPONSE] 200
2025-01-01T02:41:34.076Z [INFO]: [REQUEST] GET /api/list/getCategorias
2025-01-01T02:41:34.077Z [INFO]: [RESPONSE] 403
2025-01-01T02:41:34.078Z [INFO]: [REQUEST] GET /api/list/getDescripciones
2025-01-01T02:41:34.078Z [INFO]: [RESPONSE] 403
2025-01-01T02:41:34.586Z [INFO]: [REQUEST] GET /api/list/getCategorias
2025-01-01T02:41:34.625Z [INFO]: [REQUEST] GET /api/list/getDescripciones
2025-01-01T02:41:34.634Z [INFO]: [RESPONSE] 200
2025-01-01T02:41:34.635Z [INFO]: [RESPONSE] 200
2025-01-01T02:45:14.070Z [INFO]: [REQUEST] GET /api-docs/
2025-01-01T02:45:14.073Z [INFO]: [RESPONSE] 200
2025-01-01T02:45:14.143Z [INFO]: [REQUEST] GET /api-docs/swagger-ui.css
2025-01-01T02:45:14.148Z [INFO]: [REQUEST] GET /api-docs/swagger-ui-bundle.js
2025-01-01T02:45:14.152Z [INFO]: [REQUEST] GET /api-docs/swagger-ui-standalone-preset.js
2025-01-01T02:45:14.154Z [INFO]: [REQUEST] GET /api-docs/swagger-ui-init.js
2025-01-01T02:45:14.155Z [INFO]: [RESPONSE] 200
2025-01-01T02:45:14.519Z [INFO]: [REQUEST] GET /api-docs/favicon-32x32.png
2025-01-01T02:45:27.420Z [INFO]: [REQUEST] GET /api/list/getAmbientes
2025-01-01T02:45:27.422Z [INFO]: [RESPONSE] 403
2025-01-01T02:45:31.826Z [INFO]: [REQUEST] GET /api/list/getAmbientes
2025-01-01T02:45:31.870Z [INFO]: [RESPONSE] 200
2025-01-01T02:45:47.275Z [INFO]: [REQUEST] GET /api/items/getItems
2025-01-01T02:45:47.281Z [INFO]: [RESPONSE] 200
2025-01-01T02:47:15.294Z [INFO]: [REQUEST] GET /api/items/getItems
2025-01-01T02:47:15.295Z [INFO]: [RESPONSE] 403
2025-01-01T02:47:15.791Z [INFO]: [REQUEST] GET /api/items/getItems
2025-01-01T02:47:15.795Z [INFO]: [RESPONSE] 200
2025-01-01T02:47:36.995Z [INFO]: [REQUEST] GET /api/items/getItems
2025-01-01T02:47:36.995Z [INFO]: [RESPONSE] 403
2025-01-01T02:47:37.310Z [INFO]: [REQUEST] GET /api/items/getItems
2025-01-01T02:47:37.313Z [INFO]: [RESPONSE] 200
2025-01-01T02:47:51.951Z [INFO]: [REQUEST] GET /api/items/getItems
2025-01-01T02:47:51.952Z [INFO]: [RESPONSE] 403
2025-01-01T02:47:52.253Z [INFO]: [REQUEST] GET /api/items/getItems
2025-01-01T02:47:52.256Z [INFO]: [RESPONSE] 200
2025-01-01T02:49:16.316Z [INFO]: [REQUEST] GET /api/items/getItems
2025-01-01T02:49:16.317Z [INFO]: [RESPONSE] 403
2025-01-01T02:49:16.785Z [INFO]: [REQUEST] GET /api/items/getItems
2025-01-01T02:49:16.815Z [INFO]: [RESPONSE] 200
2025-01-01T02:49:21.376Z [INFO]: [REQUEST] GET /api/list/getCategorias
2025-01-01T02:49:21.379Z [INFO]: [REQUEST] GET /api/list/getDescripciones
2025-01-01T02:49:21.381Z [INFO]: [REQUEST] GET /api/list/getAmbientes
2025-01-01T02:49:21.385Z [INFO]: [RESPONSE] 200
2025-01-01T02:49:21.396Z [INFO]: [RESPONSE] 200
2025-01-01T02:49:21.398Z [INFO]: [RESPONSE] 200
2025-01-01T02:49:45.960Z [INFO]: [REQUEST] GET /api/list/getCategorias
2025-01-01T02:49:45.961Z [INFO]: [RESPONSE] 403
2025-01-01T02:49:45.962Z [INFO]: [REQUEST] GET /api/list/getDescripciones
2025-01-01T02:49:45.962Z [INFO]: [RESPONSE] 403
2025-01-01T02:49:45.963Z [INFO]: [REQUEST] GET /api/list/getAmbientes
2025-01-01T02:49:45.964Z [INFO]: [RESPONSE] 403
2025-01-01T02:49:46.334Z [INFO]: [REQUEST] GET /api/list/getCategorias
2025-01-01T02:49:46.365Z [INFO]: [REQUEST] GET /api/list/getDescripciones
2025-01-01T02:49:46.369Z [INFO]: [REQUEST] GET /api/list/getAmbientes
2025-01-01T02:49:46.373Z [INFO]: [RESPONSE] 200
2025-01-01T02:49:46.375Z [INFO]: [RESPONSE] 200
2025-01-01T02:49:46.376Z [INFO]: [RESPONSE] 200
2025-01-01T02:50:15.696Z [INFO]: [REQUEST] GET /api/list/getCategorias
2025-01-01T02:50:15.697Z [INFO]: [RESPONSE] 403
2025-01-01T02:50:15.698Z [INFO]: [REQUEST] GET /api/list/getDescripciones
2025-01-01T02:50:15.698Z [INFO]: [RESPONSE] 403
2025-01-01T02:50:15.699Z [INFO]: [REQUEST] GET /api/list/getAmbientes
2025-01-01T02:50:15.699Z [INFO]: [RESPONSE] 403
2025-01-01T02:50:16.132Z [INFO]: [REQUEST] GET /api/list/getDescripciones
2025-01-01T02:50:16.142Z [INFO]: [REQUEST] GET /api/list/getCategorias
2025-01-01T02:50:16.144Z [INFO]: [REQUEST] GET /api/list/getAmbientes
2025-01-01T02:50:16.145Z [INFO]: [RESPONSE] 200
2025-01-01T02:50:16.146Z [INFO]: [RESPONSE] 200
2025-01-01T02:50:16.147Z [INFO]: [RESPONSE] 200
2025-01-01T02:53:40.550Z [INFO]: [REQUEST] GET /api/items/getItems
2025-01-01T02:53:40.603Z [INFO]: [RESPONSE] 200
2025-01-01T02:53:41.532Z [INFO]: [REQUEST] GET /api/audit/getAudits
2025-01-01T02:53:41.538Z [INFO]: [RESPONSE] 200
2025-01-01T02:53:47.117Z [INFO]: [REQUEST] GET /api/items/getItems
2025-01-01T02:53:47.122Z [INFO]: [RESPONSE] 200
2025-01-01T02:53:52.843Z [INFO]: [REQUEST] GET /api/list/getCategorias
2025-01-01T02:53:52.847Z [INFO]: [REQUEST] GET /api/list/getAmbientes
2025-01-01T02:53:52.853Z [INFO]: [REQUEST] GET /api/list/getDescripciones
2025-01-01T02:53:52.858Z [INFO]: [RESPONSE] 200
2025-01-01T02:53:52.863Z [INFO]: [RESPONSE] 200
2025-01-01T02:53:52.864Z [INFO]: [RESPONSE] 200
2025-01-01T02:54:55.679Z [INFO]: [REQUEST] GET /api/list/getCategorias
2025-01-01T02:54:55.679Z [INFO]: [RESPONSE] 403
2025-01-01T02:54:55.681Z [INFO]: [REQUEST] GET /api/list/getDescripciones
2025-01-01T02:54:55.682Z [INFO]: [RESPONSE] 403
2025-01-01T02:54:55.683Z [INFO]: [REQUEST] GET /api/list/getAmbientes
2025-01-01T02:54:55.683Z [INFO]: [RESPONSE] 403
2025-01-01T02:54:55.984Z [INFO]: [REQUEST] GET /api/list/getCategorias
2025-01-01T02:54:55.986Z [INFO]: [REQUEST] GET /api/list/getDescripciones
2025-01-01T02:54:55.989Z [INFO]: [REQUEST] GET /api/list/getAmbientes
2025-01-01T02:54:56.002Z [INFO]: [RESPONSE] 200
2025-01-01T02:54:56.004Z [INFO]: [RESPONSE] 200
2025-01-01T02:54:56.006Z [INFO]: [RESPONSE] 200
2025-01-01T02:55:09.943Z [INFO]: [REQUEST] GET /api/list/getCategorias
2025-01-01T02:55:09.943Z [INFO]: [RESPONSE] 403
2025-01-01T02:55:09.944Z [INFO]: [REQUEST] GET /api/list/getDescripciones
2025-01-01T02:55:09.945Z [INFO]: [RESPONSE] 403
2025-01-01T02:55:09.946Z [INFO]: [REQUEST] GET /api/list/getAmbientes
2025-01-01T02:55:09.946Z [INFO]: [RESPONSE] 403
2025-01-01T02:55:10.130Z [INFO]: [REQUEST] GET /api/list/getCategorias
2025-01-01T02:55:10.134Z [INFO]: [REQUEST] GET /api/list/getDescripciones
2025-01-01T02:55:10.141Z [INFO]: [REQUEST] GET /api/list/getAmbientes
2025-01-01T02:55:10.145Z [INFO]: [RESPONSE] 200
2025-01-01T02:55:10.146Z [INFO]: [RESPONSE] 200
2025-01-01T02:55:10.147Z [INFO]: [RESPONSE] 200
2025-01-01T18:39:51.452Z [INFO]: [REQUEST] POST /api/users/login
2025-01-01T18:39:51.622Z [INFO]: [RESPONSE] 401
2025-01-01T18:40:00.965Z [INFO]: [REQUEST] POST /api/users/login
2025-01-01T18:40:01.066Z [INFO]: [RESPONSE] 200
2025-01-01T18:40:01.135Z [INFO]: [REQUEST] GET /api/items/getItems
2025-01-01T18:40:01.148Z [INFO]: [RESPONSE] 200
2025-01-01T18:40:04.909Z [INFO]: [REQUEST] GET /api/audit/getAudits
2025-01-01T18:40:04.920Z [INFO]: [RESPONSE] 200
2025-01-01T18:44:49.957Z [INFO]: [REQUEST] GET /api/audit/getAudits
2025-01-01T18:44:49.959Z [INFO]: [RESPONSE] 403
2025-01-01T18:44:51.463Z [INFO]: [REQUEST] GET /api/audit/getAudits
2025-01-01T18:44:51.526Z [INFO]: [RESPONSE] 200
2025-01-01T18:45:06.248Z [INFO]: [REQUEST] GET /api/list/getCategorias
2025-01-01T18:45:06.254Z [INFO]: [REQUEST] GET /api/list/getDescripciones
2025-01-01T18:45:06.262Z [INFO]: [RESPONSE] 200
2025-01-01T18:45:06.265Z [INFO]: [REQUEST] GET /api/list/getAmbientes
2025-01-01T18:45:06.280Z [INFO]: [RESPONSE] 200
2025-01-01T18:45:06.288Z [INFO]: [RESPONSE] 200
2025-01-01T18:45:23.272Z [INFO]: [REQUEST] GET /api-docs/
2025-01-01T18:45:23.279Z [INFO]: [RESPONSE] 200
2025-01-01T18:45:23.349Z [INFO]: [REQUEST] GET /api-docs/swagger-ui.css
2025-01-01T18:45:23.351Z [INFO]: [REQUEST] GET /api-docs/swagger-ui-bundle.js
2025-01-01T18:45:23.352Z [INFO]: [REQUEST] GET /api-docs/swagger-ui-standalone-preset.js
2025-01-01T18:45:23.353Z [INFO]: [REQUEST] GET /api-docs/swagger-ui-init.js
2025-01-01T18:45:23.354Z [INFO]: [RESPONSE] 200
2025-01-01T18:47:26.591Z [INFO]: [REQUEST] GET /api/audit/getAudits
2025-01-01T18:47:26.650Z [INFO]: [RESPONSE] 200
2025-01-01T18:47:27.319Z [INFO]: [REQUEST] GET /api/list/getCategorias
2025-01-01T18:47:27.325Z [INFO]: [REQUEST] GET /api/list/getDescripciones
2025-01-01T18:47:27.329Z [INFO]: [REQUEST] GET /api/list/getAmbientes
2025-01-01T18:48:19.950Z [INFO]: [REQUEST] GET /api/list/getCategorias
2025-01-01T18:48:19.952Z [INFO]: [RESPONSE] 403
2025-01-01T18:48:19.957Z [INFO]: [REQUEST] GET /api/list/getDescripciones
2025-01-01T18:48:19.958Z [INFO]: [RESPONSE] 403
2025-01-01T18:48:19.959Z [INFO]: [REQUEST] GET /api/list/getAmbientes
2025-01-01T18:48:19.961Z [INFO]: [RESPONSE] 403
2025-01-01T18:48:20.370Z [INFO]: [REQUEST] GET /api/list/getCategorias
2025-01-01T18:48:20.611Z [INFO]: [REQUEST] GET /api/list/getDescripciones
2025-01-01T18:48:20.692Z [INFO]: [REQUEST] GET /api/list/getAmbientes
2025-01-01T18:48:20.789Z [INFO]: [RESPONSE] 200
2025-01-01T18:48:20.830Z [INFO]: [RESPONSE] 200
2025-01-01T18:48:20.856Z [INFO]: [RESPONSE] 200
2025-01-01T18:50:29.617Z [INFO]: [REQUEST] GET /api/list/getCategorias
2025-01-01T18:50:29.619Z [INFO]: [RESPONSE] 403
2025-01-01T18:50:29.626Z [INFO]: [REQUEST] GET /api/list/getDescripciones
2025-01-01T18:50:29.629Z [INFO]: [RESPONSE] 403
2025-01-01T18:50:29.631Z [INFO]: [REQUEST] GET /api/list/getAmbientes
2025-01-01T18:50:29.634Z [INFO]: [RESPONSE] 403
2025-01-01T18:50:30.047Z [INFO]: [REQUEST] GET /api/list/getCategorias
2025-01-01T18:50:30.213Z [INFO]: [REQUEST] GET /api/list/getAmbientes
2025-01-01T18:50:30.257Z [INFO]: [REQUEST] GET /api/list/getDescripciones
2025-01-01T18:50:30.447Z [INFO]: [RESPONSE] 200
2025-01-01T18:50:30.543Z [INFO]: [RESPONSE] 200
2025-01-01T18:50:30.562Z [INFO]: [RESPONSE] 200
2025-01-01T18:52:47.544Z [INFO]: [REQUEST] GET /api/list/getCategorias
2025-01-01T18:52:47.544Z [INFO]: [RESPONSE] 403
2025-01-01T18:52:47.546Z [INFO]: [REQUEST] GET /api/list/getDescripciones
2025-01-01T18:52:47.546Z [INFO]: [RESPONSE] 403
2025-01-01T18:52:47.547Z [INFO]: [REQUEST] GET /api/list/getAmbientes
2025-01-01T18:52:47.548Z [INFO]: [RESPONSE] 403
2025-01-01T18:52:48.963Z [INFO]: [REQUEST] GET /api/list/getCategorias
2025-01-01T18:52:48.967Z [INFO]: [RESPONSE] 200
2025-01-01T18:52:48.977Z [INFO]: [REQUEST] GET /api/list/getDescripciones
2025-01-01T18:52:48.980Z [INFO]: [RESPONSE] 200
2025-01-01T18:52:49.004Z [INFO]: [REQUEST] GET /api/list/getAmbientes
2025-01-01T18:52:49.007Z [INFO]: [RESPONSE] 200
2025-01-01T18:52:58.184Z [INFO]: [REQUEST] GET /api/list/getCategorias
2025-01-01T18:52:58.185Z [INFO]: [RESPONSE] 403
2025-01-01T18:52:58.186Z [INFO]: [REQUEST] GET /api/list/getDescripciones
2025-01-01T18:52:58.186Z [INFO]: [RESPONSE] 403
2025-01-01T18:52:58.187Z [INFO]: [REQUEST] GET /api/list/getAmbientes
2025-01-01T18:52:58.187Z [INFO]: [RESPONSE] 403
2025-01-01T18:52:58.626Z [INFO]: [REQUEST] GET /api/list/getCategorias
2025-01-01T18:52:58.653Z [INFO]: [REQUEST] GET /api/list/getDescripciones
2025-01-01T18:52:58.667Z [INFO]: [REQUEST] GET /api/list/getAmbientes
2025-01-01T18:52:58.681Z [INFO]: [RESPONSE] 200
2025-01-01T18:52:58.699Z [INFO]: [RESPONSE] 200
2025-01-01T18:52:58.709Z [INFO]: [RESPONSE] 200
2025-01-01T18:54:36.423Z [INFO]: [REQUEST] GET /api/list/getCategorias
2025-01-01T18:54:36.424Z [INFO]: [RESPONSE] 403
2025-01-01T18:54:36.426Z [INFO]: [REQUEST] GET /api/list/getDescripciones
2025-01-01T18:54:36.426Z [INFO]: [RESPONSE] 403
2025-01-01T18:54:36.427Z [INFO]: [REQUEST] GET /api/list/getAmbientes
2025-01-01T18:54:36.427Z [INFO]: [RESPONSE] 403
2025-01-01T18:54:36.832Z [INFO]: [REQUEST] GET /api/list/getCategorias
2025-01-01T18:54:36.836Z [INFO]: [REQUEST] GET /api/list/getDescripciones
2025-01-01T18:54:36.838Z [INFO]: [REQUEST] GET /api/list/getAmbientes
2025-01-01T18:54:36.840Z [INFO]: [RESPONSE] 200
2025-01-01T18:54:36.843Z [INFO]: [RESPONSE] 200
2025-01-01T18:54:36.845Z [INFO]: [RESPONSE] 200
2025-01-01T20:22:56.190Z [INFO]: [REQUEST] GET /api/list/getCategorias
2025-01-01T20:22:56.191Z [INFO]: [RESPONSE] 403
2025-01-01T20:22:56.193Z [INFO]: [REQUEST] GET /api/list/getDescripciones
2025-01-01T20:22:56.193Z [INFO]: [RESPONSE] 403
2025-01-01T20:22:56.194Z [INFO]: [REQUEST] GET /api/list/getAmbientes
2025-01-01T20:22:56.195Z [INFO]: [RESPONSE] 403
2025-01-01T20:22:56.754Z [INFO]: [REQUEST] GET /api/list/getCategorias
2025-01-01T20:22:56.757Z [INFO]: [REQUEST] GET /api/list/getDescripciones
2025-01-01T20:22:56.759Z [INFO]: [REQUEST] GET /api/list/getAmbientes
2025-01-01T20:22:56.762Z [INFO]: [RESPONSE] 200
2025-01-01T20:22:56.763Z [INFO]: [RESPONSE] 200
2025-01-01T20:22:56.764Z [INFO]: [RESPONSE] 200
2025-01-01T20:23:06.592Z [INFO]: [REQUEST] GET /api/list/getCategorias
2025-01-01T20:23:06.593Z [INFO]: [RESPONSE] 403
2025-01-01T20:23:06.594Z [INFO]: [REQUEST] GET /api/list/getDescripciones
2025-01-01T20:23:06.594Z [INFO]: [RESPONSE] 403
2025-01-01T20:23:06.595Z [INFO]: [REQUEST] GET /api/list/getAmbientes
2025-01-01T20:23:06.595Z [INFO]: [RESPONSE] 403
2025-01-01T20:23:06.927Z [INFO]: [REQUEST] GET /api/list/getCategorias
2025-01-01T20:23:06.929Z [INFO]: [REQUEST] GET /api/list/getDescripciones
2025-01-01T20:23:06.931Z [INFO]: [REQUEST] GET /api/list/getAmbientes
2025-01-01T20:23:06.933Z [INFO]: [RESPONSE] 200
2025-01-01T20:23:06.934Z [INFO]: [RESPONSE] 200
2025-01-01T20:23:06.935Z [INFO]: [RESPONSE] 200
2025-01-01T20:23:12.203Z [INFO]: [REQUEST] GET /api/list/getCategorias
2025-01-01T20:23:12.203Z [INFO]: [RESPONSE] 403
2025-01-01T20:23:12.204Z [INFO]: [REQUEST] GET /api/list/getDescripciones
2025-01-01T20:23:12.205Z [INFO]: [RESPONSE] 403
2025-01-01T20:23:12.205Z [INFO]: [REQUEST] GET /api/list/getAmbientes
2025-01-01T20:23:12.206Z [INFO]: [RESPONSE] 403
2025-01-01T20:23:12.572Z [INFO]: [REQUEST] GET /api/list/getDescripciones
2025-01-01T20:23:12.585Z [INFO]: [REQUEST] GET /api/list/getCategorias
2025-01-01T20:23:12.590Z [INFO]: [REQUEST] GET /api/list/getAmbientes
2025-01-01T20:23:12.593Z [INFO]: [RESPONSE] 200
2025-01-01T20:23:12.595Z [INFO]: [RESPONSE] 200
2025-01-01T20:23:12.597Z [INFO]: [RESPONSE] 200
2025-01-01T22:53:59.047Z [INFO]: [REQUEST] POST /api/users/login
2025-01-01T22:53:59.174Z [INFO]: [RESPONSE] 200
2025-01-01T22:53:59.233Z [INFO]: [REQUEST] GET /api/items/getItems
2025-01-01T22:53:59.245Z [INFO]: [RESPONSE] 200
2025-01-01T22:54:01.091Z [INFO]: [REQUEST] GET /api/audit/getAudits
2025-01-01T22:54:01.099Z [INFO]: [RESPONSE] 200
2025-01-01T22:54:01.827Z [INFO]: [REQUEST] GET /api/list/getCategorias
2025-01-01T22:54:01.830Z [INFO]: [REQUEST] GET /api/list/getAmbientes
2025-01-01T22:54:01.834Z [INFO]: [REQUEST] GET /api/list/getDescripciones
2025-01-01T22:54:01.845Z [INFO]: [RESPONSE] 200
2025-01-01T22:54:01.851Z [INFO]: [RESPONSE] 200
2025-01-01T22:54:01.855Z [INFO]: [RESPONSE] 200
2025-01-01T22:59:47.736Z [INFO]: [REQUEST] GET /api/list/getCategorias
2025-01-01T22:59:47.737Z [INFO]: [RESPONSE] 403
2025-01-01T22:59:47.738Z [INFO]: [REQUEST] GET /api/list/getDescripciones
2025-01-01T22:59:47.739Z [INFO]: [RESPONSE] 403
2025-01-01T22:59:47.742Z [INFO]: [REQUEST] GET /api/list/getAmbientes
2025-01-01T22:59:47.742Z [INFO]: [RESPONSE] 403
2025-01-01T22:59:48.513Z [INFO]: [REQUEST] GET /api/list/getCategorias
2025-01-01T22:59:48.520Z [INFO]: [REQUEST] GET /api/list/getDescripciones
2025-01-01T22:59:48.522Z [INFO]: [RESPONSE] 200
2025-01-01T22:59:48.523Z [INFO]: [RESPONSE] 200
2025-01-01T22:59:48.525Z [INFO]: [REQUEST] GET /api/list/getAmbientes
2025-01-01T22:59:48.528Z [INFO]: [RESPONSE] 200
2025-01-01T23:00:11.095Z [INFO]: [REQUEST] GET /api/list/getCategorias
2025-01-01T23:00:11.095Z [INFO]: [RESPONSE] 403
2025-01-01T23:00:11.096Z [INFO]: [REQUEST] GET /api/list/getDescripciones
2025-01-01T23:00:11.097Z [INFO]: [RESPONSE] 403
2025-01-01T23:00:11.098Z [INFO]: [REQUEST] GET /api/list/getAmbientes
2025-01-01T23:00:11.099Z [INFO]: [RESPONSE] 403
2025-01-01T23:00:11.283Z [INFO]: [REQUEST] GET /api/list/getCategorias
2025-01-01T23:00:11.287Z [INFO]: [REQUEST] GET /api/list/getAmbientes
2025-01-01T23:00:11.289Z [INFO]: [REQUEST] GET /api/list/getDescripciones
2025-01-01T23:00:11.292Z [INFO]: [RESPONSE] 200
2025-01-01T23:00:11.294Z [INFO]: [RESPONSE] 200
2025-01-01T23:00:11.295Z [INFO]: [RESPONSE] 200
2025-01-01T23:01:21.535Z [INFO]: [REQUEST] GET /api/list/getCategorias
2025-01-01T23:01:21.536Z [INFO]: [RESPONSE] 403
2025-01-01T23:01:21.541Z [INFO]: [REQUEST] GET /api/list/getDescripciones
2025-01-01T23:01:21.542Z [INFO]: [RESPONSE] 403
2025-01-01T23:01:21.544Z [INFO]: [REQUEST] GET /api/list/getAmbientes
2025-01-01T23:01:21.545Z [INFO]: [RESPONSE] 403
2025-01-01T23:01:21.863Z [INFO]: [REQUEST] GET /api/list/getCategorias
2025-01-01T23:01:21.865Z [INFO]: [REQUEST] GET /api/list/getDescripciones
2025-01-01T23:01:21.867Z [INFO]: [REQUEST] GET /api/list/getAmbientes
2025-01-01T23:01:21.869Z [INFO]: [RESPONSE] 200
2025-01-01T23:01:21.870Z [INFO]: [RESPONSE] 200
2025-01-01T23:01:21.872Z [INFO]: [RESPONSE] 200
2025-01-01T23:01:26.243Z [INFO]: [REQUEST] GET /api/list/getDescripciones
2025-01-01T23:01:26.243Z [INFO]: [RESPONSE] 403
2025-01-01T23:01:26.244Z [INFO]: [REQUEST] GET /api/list/getAmbientes
2025-01-01T23:01:26.245Z [INFO]: [RESPONSE] 403
2025-01-01T23:01:26.487Z [INFO]: [REQUEST] GET /api/list/getCategorias
2025-01-01T23:01:26.489Z [INFO]: [REQUEST] GET /api/list/getDescripciones
2025-01-01T23:01:26.491Z [INFO]: [REQUEST] GET /api/list/getAmbientes
2025-01-01T23:01:26.493Z [INFO]: [RESPONSE] 200
2025-01-01T23:01:26.494Z [INFO]: [RESPONSE] 200
2025-01-01T23:01:26.496Z [INFO]: [RESPONSE] 200
2025-01-01T23:01:48.986Z [INFO]: [REQUEST] GET /api/list/getCategorias
2025-01-01T23:01:48.987Z [INFO]: [RESPONSE] 403
2025-01-01T23:01:48.988Z [INFO]: [REQUEST] GET /api/list/getDescripciones
2025-01-01T23:01:48.988Z [INFO]: [RESPONSE] 403
2025-01-01T23:01:48.989Z [INFO]: [REQUEST] GET /api/list/getAmbientes
2025-01-01T23:01:48.989Z [INFO]: [RESPONSE] 403
2025-01-01T23:01:49.169Z [INFO]: [REQUEST] GET /api/list/getAmbientes
2025-01-01T23:01:49.171Z [INFO]: [REQUEST] GET /api/list/getDescripciones
2025-01-01T23:01:49.174Z [INFO]: [REQUEST] GET /api/list/getCategorias
2025-01-01T23:01:49.180Z [INFO]: [RESPONSE] 200
2025-01-01T23:01:49.181Z [INFO]: [RESPONSE] 200
2025-01-01T23:01:49.182Z [INFO]: [RESPONSE] 200
2025-01-01T23:03:08.412Z [INFO]: [REQUEST] GET /api/list/getCategorias
2025-01-01T23:03:08.414Z [INFO]: [RESPONSE] 403
2025-01-01T23:03:08.415Z [INFO]: [REQUEST] GET /api/list/getDescripciones
2025-01-01T23:03:08.415Z [INFO]: [RESPONSE] 403
2025-01-01T23:03:08.416Z [INFO]: [REQUEST] GET /api/list/getAmbientes
2025-01-01T23:03:08.416Z [INFO]: [RESPONSE] 403
2025-01-01T23:03:08.657Z [INFO]: [REQUEST] GET /api/list/getCategorias
2025-01-01T23:03:08.660Z [INFO]: [REQUEST] GET /api/list/getAmbientes
2025-01-01T23:03:08.664Z [INFO]: [REQUEST] GET /api/list/getDescripciones
2025-01-01T23:03:08.666Z [INFO]: [RESPONSE] 200
2025-01-01T23:03:08.669Z [INFO]: [RESPONSE] 200
2025-01-01T23:03:08.670Z [INFO]: [RESPONSE] 200
2025-01-01T23:03:46.803Z [INFO]: [REQUEST] GET /api/list/getCategorias
2025-01-01T23:03:46.804Z [INFO]: [RESPONSE] 403
2025-01-01T23:03:46.805Z [INFO]: [REQUEST] GET /api/list/getDescripciones
2025-01-01T23:03:46.806Z [INFO]: [RESPONSE] 403
2025-01-01T23:03:46.807Z [INFO]: [REQUEST] GET /api/list/getAmbientes
2025-01-01T23:03:46.808Z [INFO]: [RESPONSE] 403
2025-01-01T23:03:47.020Z [INFO]: [REQUEST] GET /api/list/getDescripciones
2025-01-01T23:03:47.024Z [INFO]: [REQUEST] GET /api/list/getCategorias
2025-01-01T23:03:47.029Z [INFO]: [REQUEST] GET /api/list/getAmbientes
2025-01-01T23:03:47.033Z [INFO]: [RESPONSE] 200
2025-01-01T23:03:47.034Z [INFO]: [RESPONSE] 200
2025-01-01T23:03:47.035Z [INFO]: [RESPONSE] 200
2025-01-01T23:04:49.914Z [INFO]: [REQUEST] GET /api/list/getCategorias
2025-01-01T23:04:49.914Z [INFO]: [RESPONSE] 403
2025-01-01T23:04:49.915Z [INFO]: [REQUEST] GET /api/list/getDescripciones
2025-01-01T23:04:49.916Z [INFO]: [RESPONSE] 403
2025-01-01T23:04:49.917Z [INFO]: [REQUEST] GET /api/list/getAmbientes
2025-01-01T23:04:49.917Z [INFO]: [RESPONSE] 403
2025-01-01T23:04:50.127Z [INFO]: [REQUEST] GET /api/list/getAmbientes
2025-01-01T23:04:50.133Z [INFO]: [REQUEST] GET /api/list/getDescripciones
2025-01-01T23:04:50.138Z [INFO]: [REQUEST] GET /api/list/getCategorias
2025-01-01T23:04:50.141Z [INFO]: [RESPONSE] 200
2025-01-01T23:04:50.142Z [INFO]: [RESPONSE] 200
2025-01-01T23:04:50.147Z [INFO]: [RESPONSE] 200
2025-01-01T23:06:24.106Z [INFO]: [REQUEST] GET /api/list/getCategorias
2025-01-01T23:06:24.107Z [INFO]: [RESPONSE] 403
2025-01-01T23:06:24.108Z [INFO]: [REQUEST] GET /api/list/getDescripciones
2025-01-01T23:06:24.108Z [INFO]: [RESPONSE] 403
2025-01-01T23:06:24.109Z [INFO]: [REQUEST] GET /api/list/getAmbientes
2025-01-01T23:06:24.110Z [INFO]: [RESPONSE] 403
2025-01-01T23:06:24.331Z [INFO]: [REQUEST] GET /api/list/getCategorias
2025-01-01T23:06:24.334Z [INFO]: [REQUEST] GET /api/list/getDescripciones
2025-01-01T23:06:24.336Z [INFO]: [REQUEST] GET /api/list/getAmbientes
2025-01-01T23:06:24.339Z [INFO]: [RESPONSE] 200
2025-01-01T23:06:24.340Z [INFO]: [RESPONSE] 200
2025-01-01T23:06:24.341Z [INFO]: [RESPONSE] 200
2025-01-01T23:07:24.167Z [INFO]: [REQUEST] GET /api/list/getCategorias
2025-01-01T23:07:24.170Z [INFO]: [RESPONSE] 403
2025-01-01T23:07:24.171Z [INFO]: [REQUEST] GET /api/list/getDescripciones
2025-01-01T23:07:24.171Z [INFO]: [RESPONSE] 403
2025-01-01T23:07:24.172Z [INFO]: [REQUEST] GET /api/list/getAmbientes
2025-01-01T23:07:24.173Z [INFO]: [RESPONSE] 403
2025-01-01T23:07:24.548Z [INFO]: [REQUEST] GET /api/list/getCategorias
2025-01-01T23:07:24.550Z [INFO]: [REQUEST] GET /api/list/getDescripciones
2025-01-01T23:07:24.552Z [INFO]: [RESPONSE] 200
2025-01-01T23:07:24.553Z [INFO]: [REQUEST] GET /api/list/getAmbientes
2025-01-01T23:07:24.556Z [INFO]: [RESPONSE] 200
2025-01-01T23:07:24.557Z [INFO]: [RESPONSE] 200
2025-01-01T23:07:28.246Z [INFO]: [REQUEST] GET /api/list/getAmbientes
2025-01-01T23:07:28.248Z [INFO]: [RESPONSE] 403
2025-01-01T23:07:28.441Z [INFO]: [REQUEST] GET /api/list/getCategorias
2025-01-01T23:07:28.446Z [INFO]: [REQUEST] GET /api/list/getDescripciones
2025-01-01T23:07:28.449Z [INFO]: [REQUEST] GET /api/list/getAmbientes
2025-01-01T23:07:28.451Z [INFO]: [RESPONSE] 200
2025-01-01T23:07:28.452Z [INFO]: [RESPONSE] 200
2025-01-01T23:07:28.454Z [INFO]: [RESPONSE] 200
2025-01-02T04:01:17.931Z [INFO]: [REQUEST] POST /api/users/login
2025-01-02T04:01:18.041Z [INFO]: [RESPONSE] 200
2025-01-02T04:01:18.095Z [INFO]: [REQUEST] GET /api/items/getItems
2025-01-02T04:01:18.102Z [INFO]: [RESPONSE] 200
2025-01-02T04:01:23.295Z [INFO]: [REQUEST] GET /api/audit/getAudits
2025-01-02T04:01:23.303Z [INFO]: [RESPONSE] 200
2025-01-02T04:02:07.104Z [INFO]: [REQUEST] GET /api/items/getItems
2025-01-02T04:02:07.107Z [INFO]: [RESPONSE] 200
2025-01-03T16:50:07.295Z [INFO]: [REQUEST] GET /api-docs/
2025-01-03T16:50:07.324Z [INFO]: [RESPONSE] 200
2025-01-03T16:50:07.418Z [INFO]: [REQUEST] GET /api-docs/swagger-ui.css
2025-01-03T16:50:07.427Z [INFO]: [REQUEST] GET /api-docs/swagger-ui-standalone-preset.js
2025-01-03T16:50:07.430Z [INFO]: [REQUEST] GET /api-docs/swagger-ui-init.js
2025-01-03T16:50:07.431Z [INFO]: [RESPONSE] 200
2025-01-03T16:50:07.437Z [INFO]: [REQUEST] GET /api-docs/swagger-ui-bundle.js
2025-01-03T16:50:36.679Z [INFO]: [REQUEST] GET /api/items/getItemById
2025-01-03T16:50:36.681Z [INFO]: [RESPONSE] 403
2025-01-03T16:50:51.246Z [INFO]: [REQUEST] POST /api/users/login
2025-01-03T16:50:51.648Z [INFO]: [RESPONSE] 200
2025-01-03T16:50:51.721Z [INFO]: [REQUEST] GET /api/items/getItems
2025-01-03T16:50:51.741Z [INFO]: [RESPONSE] 200
2025-01-03T16:51:11.276Z [INFO]: [REQUEST] GET /api/items/getItemById
2025-01-03T16:51:11.290Z [INFO]: [RESPONSE] 200
2025-01-03T16:52:18.421Z [INFO]: [REQUEST] GET /api/items/getItemById/3
2025-01-03T16:52:23.158Z [INFO]: [REQUEST] GET /api/items/getItemById:3
2025-01-03T16:52:48.382Z [INFO]: [REQUEST] GET /api/items/getItemById?3
2025-01-03T16:52:48.383Z [INFO]: [RESPONSE] 403
2025-01-03T16:52:51.640Z [INFO]: [REQUEST] GET /api/items/getItemById?1
2025-01-03T16:52:51.644Z [INFO]: [RESPONSE] 403
2025-01-03T16:53:01.261Z [INFO]: [REQUEST] GET /api/items/getItemById
2025-01-03T16:53:01.266Z [INFO]: [RESPONSE] 200
2025-01-03T16:53:04.988Z [INFO]: [REQUEST] GET /api/items/getItemById
2025-01-03T16:53:04.994Z [INFO]: [RESPONSE] 200
2025-01-03T16:55:56.454Z [INFO]: [REQUEST] GET /api/items/getItemById?3
2025-01-03T16:55:56.460Z [INFO]: [RESPONSE] 200
2025-01-03T16:57:47.666Z [INFO]: [REQUEST] GET /api/items/getItemById?1
2025-01-03T16:57:47.673Z [INFO]: [RESPONSE] 200
2025-01-03T17:00:11.834Z [INFO]: [REQUEST] GET /api/items/getItemById?1
2025-01-03T17:00:11.893Z [INFO]: [RESPONSE] 200
2025-01-03T17:00:35.820Z [INFO]: [REQUEST] GET /api/items/getItemById?1
2025-01-03T17:00:50.765Z [INFO]: [REQUEST] GET /api/items/getItemById?1
2025-01-03T17:01:14.069Z [INFO]: [REQUEST] GET /api/items/getItemById/1
2025-01-03T17:01:14.131Z [INFO]: [RESPONSE] 200
2025-01-03T17:01:30.359Z [INFO]: [REQUEST] GET /api/items/getItemById/1
2025-01-03T17:01:30.412Z [INFO]: [RESPONSE] 200
2025-01-03T17:01:35.095Z [INFO]: [REQUEST] GET /api-docs/
2025-01-03T17:01:35.102Z [INFO]: [RESPONSE] 200
2025-01-03T17:01:35.172Z [INFO]: [REQUEST] GET /api-docs/swagger-ui.css
2025-01-03T17:01:35.178Z [INFO]: [REQUEST] GET /api-docs/swagger-ui-bundle.js
2025-01-03T17:01:35.180Z [INFO]: [REQUEST] GET /api-docs/swagger-ui-standalone-preset.js
2025-01-03T17:01:35.181Z [INFO]: [REQUEST] GET /api-docs/swagger-ui-init.js
2025-01-03T17:01:35.181Z [INFO]: [RESPONSE] 200
2025-01-03T17:01:35.601Z [INFO]: [REQUEST] GET /api-docs/favicon-32x32.png
2025-01-03T17:01:49.255Z [INFO]: [REQUEST] GET /api/items/getItemById
2025-01-03T17:02:16.178Z [INFO]: [REQUEST] GET /api-docs/
2025-01-03T17:02:16.187Z [INFO]: [RESPONSE] 200
2025-01-03T17:02:16.263Z [INFO]: [REQUEST] GET /api-docs/swagger-ui.css
2025-01-03T17:02:16.266Z [INFO]: [REQUEST] GET /api-docs/swagger-ui-bundle.js
2025-01-03T17:02:16.270Z [INFO]: [REQUEST] GET /api-docs/swagger-ui-standalone-preset.js
2025-01-03T17:02:16.271Z [INFO]: [REQUEST] GET /api-docs/swagger-ui-init.js
2025-01-03T17:02:16.274Z [INFO]: [RESPONSE] 200
2025-01-03T17:02:16.492Z [INFO]: [REQUEST] GET /api-docs/favicon-32x32.png
2025-01-03T17:02:34.659Z [INFO]: [REQUEST] GET /api/items/getItemById/1
2025-01-03T17:02:34.779Z [INFO]: [RESPONSE] 200
2025-01-03T17:07:18.906Z [INFO]: [REQUEST] GET /api/audit/getAudits
2025-01-03T17:07:18.982Z [INFO]: [RESPONSE] 200
2025-01-03T17:07:20.466Z [INFO]: [REQUEST] GET /api/items/getItems
2025-01-03T17:07:20.473Z [INFO]: [RESPONSE] 200
2025-01-03T17:10:38.577Z [INFO]: [REQUEST] GET /api/items/getItems
2025-01-03T17:10:38.578Z [INFO]: [RESPONSE] 403
2025-01-03T17:10:39.475Z [INFO]: [REQUEST] GET /api/items/getItems
2025-01-03T17:10:39.479Z [INFO]: [RESPONSE] 200
2025-01-03T17:10:52.039Z [INFO]: [REQUEST] GET /api/items/getItems
2025-01-03T17:10:52.045Z [INFO]: [RESPONSE] 403
2025-01-03T17:10:52.400Z [INFO]: [REQUEST] GET /api/items/getItems
2025-01-03T17:10:52.413Z [INFO]: [RESPONSE] 200
2025-01-03T17:12:08.644Z [INFO]: [REQUEST] GET /api/items/getItems
2025-01-03T17:12:08.645Z [INFO]: [RESPONSE] 403
2025-01-03T17:12:09.038Z [INFO]: [REQUEST] GET /api/items/getItems
2025-01-03T17:12:09.041Z [INFO]: [RESPONSE] 200
2025-01-03T17:12:16.307Z [INFO]: [REQUEST] GET /api/items/getItems
2025-01-03T17:12:16.307Z [INFO]: [RESPONSE] 403
2025-01-03T17:12:16.478Z [INFO]: [REQUEST] GET /api/items/getItems
2025-01-03T17:12:16.481Z [INFO]: [RESPONSE] 200
2025-01-03T17:12:21.566Z [INFO]: [REQUEST] GET /api/items/getItems
2025-01-03T17:12:21.567Z [INFO]: [RESPONSE] 403
2025-01-03T17:12:21.753Z [INFO]: [REQUEST] GET /api/items/getItems
2025-01-03T17:12:21.757Z [INFO]: [RESPONSE] 200
2025-01-03T17:12:50.014Z [INFO]: [REQUEST] GET /api/items/getItems
2025-01-03T17:12:50.015Z [INFO]: [RESPONSE] 403
2025-01-03T17:12:50.495Z [INFO]: [REQUEST] GET /api/items/getItems
2025-01-03T17:12:50.502Z [INFO]: [RESPONSE] 200
2025-01-03T17:16:38.053Z [INFO]: [REQUEST] GET /api/items/getItems
2025-01-03T17:16:38.054Z [INFO]: [RESPONSE] 403
2025-01-03T17:16:38.587Z [INFO]: [REQUEST] GET /api/items/getItems
2025-01-03T17:16:38.593Z [INFO]: [RESPONSE] 200
2025-01-03T17:22:47.727Z [INFO]: [REQUEST] GET /api/items/getItemById/1
2025-01-03T17:22:47.728Z [INFO]: [RESPONSE] 403
2025-01-03T17:22:47.729Z [INFO]: [REQUEST] GET /api/items/getItemById/1
2025-01-03T17:22:47.730Z [INFO]: [RESPONSE] 403
2025-01-03T17:22:48.111Z [INFO]: [REQUEST] GET /api/items/getItemById/1
2025-01-03T17:22:48.132Z [INFO]: [RESPONSE] 200
2025-01-03T17:22:49.859Z [INFO]: [REQUEST] GET /api/items/getItemById/1
2025-01-03T17:22:49.860Z [INFO]: [RESPONSE] 403
2025-01-03T17:22:50.059Z [INFO]: [REQUEST] GET /api/items/getItemById/1
2025-01-03T17:22:50.063Z [INFO]: [RESPONSE] 200
2025-01-03T17:23:58.760Z [INFO]: [REQUEST] GET /api/items/getItemById/1
2025-01-03T17:23:58.761Z [INFO]: [RESPONSE] 403
2025-01-03T17:23:59.245Z [INFO]: [REQUEST] GET /api/items/getItemById/1
2025-01-03T17:23:59.248Z [INFO]: [RESPONSE] 200
2025-01-03T17:25:18.211Z [INFO]: [REQUEST] GET /api/items/getItemById/1
2025-01-03T17:25:18.212Z [INFO]: [RESPONSE] 403
2025-01-03T17:25:18.213Z [INFO]: [REQUEST] GET /api/items/getItemById/1
2025-01-03T17:25:18.213Z [INFO]: [RESPONSE] 403
2025-01-03T17:25:18.570Z [INFO]: [REQUEST] GET /api/items/getItemById/1
2025-01-03T17:25:18.573Z [INFO]: [RESPONSE] 200
2025-01-03T17:25:22.720Z [INFO]: [REQUEST] GET /api/items/getItemById/1
2025-01-03T17:25:22.721Z [INFO]: [RESPONSE] 403
2025-01-03T17:25:22.870Z [INFO]: [REQUEST] GET /api/items/getItemById/1
2025-01-03T17:25:22.874Z [INFO]: [RESPONSE] 200
2025-01-03T17:25:24.705Z [INFO]: [REQUEST] GET /api/items/getItemById/1
2025-01-03T17:25:24.705Z [INFO]: [RESPONSE] 403
2025-01-03T17:25:24.849Z [INFO]: [REQUEST] GET /api/items/getItemById/1
2025-01-03T17:25:24.851Z [INFO]: [RESPONSE] 200
2025-01-03T17:25:25.500Z [INFO]: [REQUEST] GET /api/items/getItemById/1
2025-01-03T17:25:25.502Z [INFO]: [RESPONSE] 403
2025-01-03T17:25:25.650Z [INFO]: [REQUEST] GET /api/items/getItemById/1
2025-01-03T17:25:25.664Z [INFO]: [RESPONSE] 200
2025-01-03T17:25:26.068Z [INFO]: [REQUEST] GET /api/items/getItemById/1
2025-01-03T17:25:26.069Z [INFO]: [RESPONSE] 403
2025-01-03T17:25:26.241Z [INFO]: [REQUEST] GET /api/items/getItemById/1
2025-01-03T17:25:26.248Z [INFO]: [RESPONSE] 200
2025-01-03T17:25:26.633Z [INFO]: [REQUEST] GET /api/items/getItemById/1
2025-01-03T17:25:26.634Z [INFO]: [RESPONSE] 403
2025-01-03T17:25:26.761Z [INFO]: [REQUEST] GET /api/items/getItemById/1
2025-01-03T17:25:26.771Z [INFO]: [RESPONSE] 200
2025-01-03T17:25:27.185Z [INFO]: [REQUEST] GET /api/items/getItemById/1
2025-01-03T17:25:27.186Z [INFO]: [RESPONSE] 403
2025-01-03T17:25:27.352Z [INFO]: [REQUEST] GET /api/items/getItemById/1
2025-01-03T17:25:27.361Z [INFO]: [RESPONSE] 200
2025-01-03T17:25:27.818Z [INFO]: [REQUEST] GET /api/items/getItemById/1
2025-01-03T17:25:27.820Z [INFO]: [RESPONSE] 403
2025-01-03T17:25:27.973Z [INFO]: [REQUEST] GET /api/items/getItemById/1
2025-01-03T17:25:27.979Z [INFO]: [RESPONSE] 200
2025-01-03T17:25:56.325Z [INFO]: [REQUEST] GET /api/items/getItemById/1
2025-01-03T17:25:56.326Z [INFO]: [RESPONSE] 403
2025-01-03T17:25:56.497Z [INFO]: [REQUEST] GET /api/items/getItemById/1
2025-01-03T17:25:56.500Z [INFO]: [RESPONSE] 200
2025-01-03T17:26:18.610Z [INFO]: [REQUEST] GET /api/items/getItemById/1
2025-01-03T17:26:18.611Z [INFO]: [RESPONSE] 403
2025-01-03T17:26:18.612Z [INFO]: [REQUEST] GET /api/items/getItemById/1
2025-01-03T17:26:18.612Z [INFO]: [RESPONSE] 403
2025-01-03T17:26:18.764Z [INFO]: [REQUEST] GET /api/items/getItemById/1
2025-01-03T17:26:18.768Z [INFO]: [RESPONSE] 200
2025-01-03T17:26:39.989Z [INFO]: [REQUEST] GET /api/items/getItemById/1
2025-01-03T17:26:39.990Z [INFO]: [RESPONSE] 403
2025-01-03T17:26:40.526Z [INFO]: [REQUEST] GET /api/items/getItemById/1
2025-01-03T17:26:40.592Z [INFO]: [RESPONSE] 200
2025-01-03T17:29:07.972Z [INFO]: [REQUEST] GET /api/items/getItemById/1
2025-01-03T17:29:07.973Z [INFO]: [RESPONSE] 403
2025-01-03T17:29:08.481Z [INFO]: [REQUEST] GET /api/items/getItemById/1
2025-01-03T17:29:08.487Z [INFO]: [RESPONSE] 200
2025-01-03T17:29:21.253Z [INFO]: [REQUEST] GET /api/items/getItems
2025-01-03T17:29:21.272Z [INFO]: [RESPONSE] 200
2025-01-03T17:29:26.533Z [INFO]: [REQUEST] GET /api/items/getItemById/2
2025-01-03T17:29:26.534Z [INFO]: [RESPONSE] 403
2025-01-03T17:29:26.804Z [INFO]: [REQUEST] GET /api/items/getItemById/2
2025-01-03T17:29:26.809Z [INFO]: [RESPONSE] 200
2025-01-03T17:29:29.432Z [INFO]: [REQUEST] GET /api/items/getItemById/3
2025-01-03T17:29:29.433Z [INFO]: [RESPONSE] 403
2025-01-03T17:29:29.640Z [INFO]: [REQUEST] GET /api/items/getItemById/3
2025-01-03T17:29:29.644Z [INFO]: [RESPONSE] 200
2025-01-03T17:29:32.585Z [INFO]: [REQUEST] GET /api/items/getItemById/2
2025-01-03T17:29:32.586Z [INFO]: [RESPONSE] 403
2025-01-03T17:29:32.768Z [INFO]: [REQUEST] GET /api/items/getItemById/2
2025-01-03T17:29:32.773Z [INFO]: [RESPONSE] 200
2025-01-03T17:33:43.905Z [INFO]: [REQUEST] GET /api/items/getItemById/2
2025-01-03T17:33:43.906Z [INFO]: [RESPONSE] 403
2025-01-03T17:33:43.907Z [INFO]: [REQUEST] GET /api/items/getItemById/2
2025-01-03T17:33:43.907Z [INFO]: [RESPONSE] 403
2025-01-03T17:33:45.144Z [INFO]: [REQUEST] GET /api/items/getItemById/2
2025-01-03T17:33:45.153Z [INFO]: [RESPONSE] 200
2025-01-03T17:33:45.665Z [INFO]: [REQUEST] GET /api/items/getItemById/2
2025-01-03T17:33:45.666Z [INFO]: [RESPONSE] 403
2025-01-03T17:33:45.854Z [INFO]: [REQUEST] GET /api/items/getItemById/2
2025-01-03T17:33:45.858Z [INFO]: [RESPONSE] 200
2025-01-03T17:33:47.888Z [INFO]: [REQUEST] GET /api/items/getItems
2025-01-03T17:33:47.894Z [INFO]: [RESPONSE] 200
2025-01-03T17:33:59.951Z [INFO]: [REQUEST] GET /api/items/getItems
2025-01-03T17:33:59.955Z [INFO]: [RESPONSE] 403
2025-01-03T17:34:00.170Z [INFO]: [REQUEST] GET /api/items/getItems
2025-01-03T17:34:00.174Z [INFO]: [RESPONSE] 200
2025-01-03T17:34:02.622Z [INFO]: [REQUEST] GET /api/items/getItemById/2
2025-01-03T17:34:02.625Z [INFO]: [RESPONSE] 200
2025-01-03T17:34:04.883Z [INFO]: [REQUEST] GET /api/items/getItems
2025-01-03T17:34:04.890Z [INFO]: [RESPONSE] 200
2025-01-03T17:34:06.414Z [INFO]: [REQUEST] GET /api/items/getItemById/1
2025-01-03T17:34:06.420Z [INFO]: [RESPONSE] 200
2025-01-03T17:34:10.150Z [INFO]: [REQUEST] GET /api/items/getItems
2025-01-03T17:34:10.161Z [INFO]: [RESPONSE] 200
2025-01-03T17:34:35.821Z [INFO]: [REQUEST] GET /api/items/getItems
2025-01-03T17:34:35.822Z [INFO]: [RESPONSE] 403
2025-01-03T17:34:36.069Z [INFO]: [REQUEST] GET /api/items/getItems
2025-01-03T17:34:36.072Z [INFO]: [RESPONSE] 200
2025-01-03T17:34:46.497Z [INFO]: [REQUEST] GET /api/items/getItems
2025-01-03T17:34:46.497Z [INFO]: [RESPONSE] 403
2025-01-03T17:34:46.741Z [INFO]: [REQUEST] GET /api/items/getItems
2025-01-03T17:34:46.745Z [INFO]: [RESPONSE] 200
2025-01-03T17:34:53.318Z [INFO]: [REQUEST] GET /api/items/getItems
2025-01-03T17:34:53.319Z [INFO]: [RESPONSE] 403
2025-01-03T17:34:53.515Z [INFO]: [REQUEST] GET /api/items/getItems
2025-01-03T17:34:53.518Z [INFO]: [RESPONSE] 200
2025-01-03T17:35:21.319Z [INFO]: [REQUEST] GET /api/items/getItems
2025-01-03T17:35:21.320Z [INFO]: [RESPONSE] 403
2025-01-03T17:35:21.545Z [INFO]: [REQUEST] GET /api/items/getItems
2025-01-03T17:35:21.549Z [INFO]: [RESPONSE] 200
2025-01-03T17:35:34.084Z [INFO]: [REQUEST] GET /api/items/getItems
2025-01-03T17:35:34.084Z [INFO]: [RESPONSE] 403
2025-01-03T17:35:34.296Z [INFO]: [REQUEST] GET /api/items/getItems
2025-01-03T17:35:34.299Z [INFO]: [RESPONSE] 200
2025-01-03T17:35:36.422Z [INFO]: [REQUEST] GET /api/items/getItemById/2
2025-01-03T17:35:36.426Z [INFO]: [RESPONSE] 200
2025-01-03T17:35:37.832Z [INFO]: [REQUEST] GET /api/items/getItems
2025-01-03T17:35:37.837Z [INFO]: [RESPONSE] 200
2025-01-03T17:35:39.498Z [INFO]: [REQUEST] GET /api/items/getItemById/1
2025-01-03T17:35:39.503Z [INFO]: [RESPONSE] 200
2025-01-03T17:35:41.370Z [INFO]: [REQUEST] GET /api/items/getItems
2025-01-03T17:35:41.376Z [INFO]: [RESPONSE] 200
